[2024-11-17T11:25:28.316+0000] {processor.py:186} INFO - Started process (PID=179) to work on /opt/airflow/dags/spark_airflow.py
[2024-11-17T11:25:28.317+0000] {processor.py:914} INFO - Processing file /opt/airflow/dags/spark_airflow.py for tasks to queue
[2024-11-17T11:25:28.318+0000] {logging_mixin.py:190} INFO - [2024-11-17T11:25:28.318+0000] {dagbag.py:588} INFO - Filling up the DagBag from /opt/airflow/dags/spark_airflow.py
[2024-11-17T11:25:28.327+0000] {processor.py:925} INFO - DAG(s) 'sparkingFlow' retrieved from /opt/airflow/dags/spark_airflow.py
[2024-11-17T11:25:28.380+0000] {logging_mixin.py:190} INFO - [2024-11-17T11:25:28.380+0000] {override.py:1911} INFO - Created Permission View: can read on DAG:sparkingFlow
[2024-11-17T11:25:28.383+0000] {logging_mixin.py:190} INFO - [2024-11-17T11:25:28.383+0000] {override.py:1911} INFO - Created Permission View: can edit on DAG:sparkingFlow
[2024-11-17T11:25:28.385+0000] {logging_mixin.py:190} INFO - [2024-11-17T11:25:28.385+0000] {override.py:1911} INFO - Created Permission View: can delete on DAG:sparkingFlow
[2024-11-17T11:25:28.386+0000] {logging_mixin.py:190} INFO - [2024-11-17T11:25:28.386+0000] {override.py:1911} INFO - Created Permission View: can read on DAG Run:sparkingFlow
[2024-11-17T11:25:28.388+0000] {logging_mixin.py:190} INFO - [2024-11-17T11:25:28.388+0000] {override.py:1911} INFO - Created Permission View: can delete on DAG Run:sparkingFlow
[2024-11-17T11:25:28.389+0000] {logging_mixin.py:190} INFO - [2024-11-17T11:25:28.389+0000] {override.py:1911} INFO - Created Permission View: menu access on DAG Run:sparkingFlow
[2024-11-17T11:25:28.391+0000] {logging_mixin.py:190} INFO - [2024-11-17T11:25:28.391+0000] {override.py:1911} INFO - Created Permission View: can create on DAG Run:sparkingFlow
[2024-11-17T11:25:28.391+0000] {logging_mixin.py:190} INFO - [2024-11-17T11:25:28.391+0000] {dag.py:3239} INFO - Sync 1 DAGs
[2024-11-17T11:25:28.396+0000] {logging_mixin.py:190} INFO - [2024-11-17T11:25:28.396+0000] {dag.py:3262} INFO - Creating ORM DAG for sparkingFlow
[2024-11-17T11:25:28.400+0000] {logging_mixin.py:190} INFO - [2024-11-17T11:25:28.400+0000] {dag.py:4180} INFO - Setting next_dagrun for sparkingFlow to 2024-11-16T00:00:00+00:00, run_after=2024-11-17T00:00:00+00:00
[2024-11-17T11:25:28.405+0000] {processor.py:208} INFO - Processing /opt/airflow/dags/spark_airflow.py took 0.092 seconds
[2024-11-17T11:25:58.607+0000] {processor.py:186} INFO - Started process (PID=184) to work on /opt/airflow/dags/spark_airflow.py
[2024-11-17T11:25:58.607+0000] {processor.py:914} INFO - Processing file /opt/airflow/dags/spark_airflow.py for tasks to queue
[2024-11-17T11:25:58.610+0000] {logging_mixin.py:190} INFO - [2024-11-17T11:25:58.610+0000] {dagbag.py:588} INFO - Filling up the DagBag from /opt/airflow/dags/spark_airflow.py
[2024-11-17T11:25:58.616+0000] {processor.py:925} INFO - DAG(s) 'sparkingFlow' retrieved from /opt/airflow/dags/spark_airflow.py
[2024-11-17T11:25:58.628+0000] {logging_mixin.py:190} INFO - [2024-11-17T11:25:58.628+0000] {dag.py:3239} INFO - Sync 1 DAGs
[2024-11-17T11:25:58.636+0000] {logging_mixin.py:190} INFO - [2024-11-17T11:25:58.636+0000] {dag.py:4180} INFO - Setting next_dagrun for sparkingFlow to 2024-11-16T00:00:00+00:00, run_after=2024-11-17T00:00:00+00:00
[2024-11-17T11:25:58.643+0000] {processor.py:208} INFO - Processing /opt/airflow/dags/spark_airflow.py took 0.039 seconds
[2024-11-17T11:26:28.888+0000] {processor.py:186} INFO - Started process (PID=195) to work on /opt/airflow/dags/spark_airflow.py
[2024-11-17T11:26:28.889+0000] {processor.py:914} INFO - Processing file /opt/airflow/dags/spark_airflow.py for tasks to queue
[2024-11-17T11:26:28.892+0000] {logging_mixin.py:190} INFO - [2024-11-17T11:26:28.892+0000] {dagbag.py:588} INFO - Filling up the DagBag from /opt/airflow/dags/spark_airflow.py
[2024-11-17T11:26:28.903+0000] {processor.py:925} INFO - DAG(s) 'sparkingFlow' retrieved from /opt/airflow/dags/spark_airflow.py
[2024-11-17T11:26:28.920+0000] {logging_mixin.py:190} INFO - [2024-11-17T11:26:28.920+0000] {dag.py:3239} INFO - Sync 1 DAGs
[2024-11-17T11:26:28.930+0000] {logging_mixin.py:190} INFO - [2024-11-17T11:26:28.930+0000] {dag.py:4180} INFO - Setting next_dagrun for sparkingFlow to 2024-11-16T00:00:00+00:00, run_after=2024-11-17T00:00:00+00:00
[2024-11-17T11:26:28.937+0000] {processor.py:208} INFO - Processing /opt/airflow/dags/spark_airflow.py took 0.055 seconds
[2024-11-17T11:26:59.241+0000] {processor.py:186} INFO - Started process (PID=200) to work on /opt/airflow/dags/spark_airflow.py
[2024-11-17T11:26:59.242+0000] {processor.py:914} INFO - Processing file /opt/airflow/dags/spark_airflow.py for tasks to queue
[2024-11-17T11:26:59.245+0000] {logging_mixin.py:190} INFO - [2024-11-17T11:26:59.245+0000] {dagbag.py:588} INFO - Filling up the DagBag from /opt/airflow/dags/spark_airflow.py
[2024-11-17T11:26:59.257+0000] {processor.py:925} INFO - DAG(s) 'sparkingFlow' retrieved from /opt/airflow/dags/spark_airflow.py
[2024-11-17T11:26:59.275+0000] {logging_mixin.py:190} INFO - [2024-11-17T11:26:59.275+0000] {dag.py:3239} INFO - Sync 1 DAGs
[2024-11-17T11:26:59.286+0000] {logging_mixin.py:190} INFO - [2024-11-17T11:26:59.286+0000] {dag.py:4180} INFO - Setting next_dagrun for sparkingFlow to 2024-11-16T00:00:00+00:00, run_after=2024-11-17T00:00:00+00:00
[2024-11-17T11:26:59.293+0000] {processor.py:208} INFO - Processing /opt/airflow/dags/spark_airflow.py took 0.059 seconds
[2024-11-17T11:27:29.592+0000] {processor.py:186} INFO - Started process (PID=212) to work on /opt/airflow/dags/spark_airflow.py
[2024-11-17T11:27:29.593+0000] {processor.py:914} INFO - Processing file /opt/airflow/dags/spark_airflow.py for tasks to queue
[2024-11-17T11:27:29.596+0000] {logging_mixin.py:190} INFO - [2024-11-17T11:27:29.596+0000] {dagbag.py:588} INFO - Filling up the DagBag from /opt/airflow/dags/spark_airflow.py
[2024-11-17T11:27:29.606+0000] {processor.py:925} INFO - DAG(s) 'sparkingFlow' retrieved from /opt/airflow/dags/spark_airflow.py
[2024-11-17T11:27:29.623+0000] {logging_mixin.py:190} INFO - [2024-11-17T11:27:29.623+0000] {dag.py:3239} INFO - Sync 1 DAGs
[2024-11-17T11:27:29.635+0000] {logging_mixin.py:190} INFO - [2024-11-17T11:27:29.635+0000] {dag.py:4180} INFO - Setting next_dagrun for sparkingFlow to 2024-11-16T00:00:00+00:00, run_after=2024-11-17T00:00:00+00:00
[2024-11-17T11:27:29.642+0000] {processor.py:208} INFO - Processing /opt/airflow/dags/spark_airflow.py took 0.056 seconds
[2024-11-17T11:27:39.135+0000] {processor.py:186} INFO - Started process (PID=179) to work on /opt/airflow/dags/spark_airflow.py
[2024-11-17T11:27:39.136+0000] {processor.py:914} INFO - Processing file /opt/airflow/dags/spark_airflow.py for tasks to queue
[2024-11-17T11:27:39.137+0000] {logging_mixin.py:190} INFO - [2024-11-17T11:27:39.137+0000] {dagbag.py:588} INFO - Filling up the DagBag from /opt/airflow/dags/spark_airflow.py
[2024-11-17T11:27:39.143+0000] {processor.py:925} INFO - DAG(s) 'sparkingFlow' retrieved from /opt/airflow/dags/spark_airflow.py
[2024-11-17T11:27:39.154+0000] {logging_mixin.py:190} INFO - [2024-11-17T11:27:39.154+0000] {dag.py:3239} INFO - Sync 1 DAGs
[2024-11-17T11:27:39.165+0000] {logging_mixin.py:190} INFO - [2024-11-17T11:27:39.165+0000] {dag.py:4180} INFO - Setting next_dagrun for sparkingFlow to 2024-11-16T00:00:00+00:00, run_after=2024-11-17T00:00:00+00:00
[2024-11-17T11:27:39.171+0000] {processor.py:208} INFO - Processing /opt/airflow/dags/spark_airflow.py took 0.039 seconds
[2024-11-17T11:28:09.428+0000] {processor.py:186} INFO - Started process (PID=197) to work on /opt/airflow/dags/spark_airflow.py
[2024-11-17T11:28:09.429+0000] {processor.py:914} INFO - Processing file /opt/airflow/dags/spark_airflow.py for tasks to queue
[2024-11-17T11:28:09.431+0000] {logging_mixin.py:190} INFO - [2024-11-17T11:28:09.431+0000] {dagbag.py:588} INFO - Filling up the DagBag from /opt/airflow/dags/spark_airflow.py
[2024-11-17T11:28:09.441+0000] {processor.py:925} INFO - DAG(s) 'sparkingFlow' retrieved from /opt/airflow/dags/spark_airflow.py
[2024-11-17T11:28:09.455+0000] {logging_mixin.py:190} INFO - [2024-11-17T11:28:09.455+0000] {dag.py:3239} INFO - Sync 1 DAGs
[2024-11-17T11:28:09.465+0000] {logging_mixin.py:190} INFO - [2024-11-17T11:28:09.465+0000] {dag.py:4180} INFO - Setting next_dagrun for sparkingFlow to 2024-11-16T00:00:00+00:00, run_after=2024-11-17T00:00:00+00:00
[2024-11-17T11:28:09.472+0000] {processor.py:208} INFO - Processing /opt/airflow/dags/spark_airflow.py took 0.047 seconds
[2024-11-17T11:28:39.708+0000] {processor.py:186} INFO - Started process (PID=208) to work on /opt/airflow/dags/spark_airflow.py
[2024-11-17T11:28:39.708+0000] {processor.py:914} INFO - Processing file /opt/airflow/dags/spark_airflow.py for tasks to queue
[2024-11-17T11:28:39.710+0000] {logging_mixin.py:190} INFO - [2024-11-17T11:28:39.710+0000] {dagbag.py:588} INFO - Filling up the DagBag from /opt/airflow/dags/spark_airflow.py
[2024-11-17T11:28:39.720+0000] {processor.py:925} INFO - DAG(s) 'sparkingFlow' retrieved from /opt/airflow/dags/spark_airflow.py
[2024-11-17T11:28:39.735+0000] {logging_mixin.py:190} INFO - [2024-11-17T11:28:39.735+0000] {dag.py:3239} INFO - Sync 1 DAGs
[2024-11-17T11:28:39.746+0000] {logging_mixin.py:190} INFO - [2024-11-17T11:28:39.746+0000] {dag.py:4180} INFO - Setting next_dagrun for sparkingFlow to 2024-11-16T00:00:00+00:00, run_after=2024-11-17T00:00:00+00:00
[2024-11-17T11:28:39.753+0000] {processor.py:208} INFO - Processing /opt/airflow/dags/spark_airflow.py took 0.051 seconds
[2024-11-17T11:29:10.002+0000] {processor.py:186} INFO - Started process (PID=219) to work on /opt/airflow/dags/spark_airflow.py
[2024-11-17T11:29:10.003+0000] {processor.py:914} INFO - Processing file /opt/airflow/dags/spark_airflow.py for tasks to queue
[2024-11-17T11:29:10.006+0000] {logging_mixin.py:190} INFO - [2024-11-17T11:29:10.006+0000] {dagbag.py:588} INFO - Filling up the DagBag from /opt/airflow/dags/spark_airflow.py
[2024-11-17T11:29:10.018+0000] {processor.py:925} INFO - DAG(s) 'sparkingFlow' retrieved from /opt/airflow/dags/spark_airflow.py
[2024-11-17T11:29:10.036+0000] {logging_mixin.py:190} INFO - [2024-11-17T11:29:10.036+0000] {dag.py:3239} INFO - Sync 1 DAGs
[2024-11-17T11:29:10.047+0000] {logging_mixin.py:190} INFO - [2024-11-17T11:29:10.047+0000] {dag.py:4180} INFO - Setting next_dagrun for sparkingFlow to 2024-11-16T00:00:00+00:00, run_after=2024-11-17T00:00:00+00:00
[2024-11-17T11:29:10.055+0000] {processor.py:208} INFO - Processing /opt/airflow/dags/spark_airflow.py took 0.058 seconds
[2024-11-17T11:29:40.310+0000] {processor.py:186} INFO - Started process (PID=224) to work on /opt/airflow/dags/spark_airflow.py
[2024-11-17T11:29:40.310+0000] {processor.py:914} INFO - Processing file /opt/airflow/dags/spark_airflow.py for tasks to queue
[2024-11-17T11:29:40.312+0000] {logging_mixin.py:190} INFO - [2024-11-17T11:29:40.312+0000] {dagbag.py:588} INFO - Filling up the DagBag from /opt/airflow/dags/spark_airflow.py
[2024-11-17T11:29:40.318+0000] {processor.py:925} INFO - DAG(s) 'sparkingFlow' retrieved from /opt/airflow/dags/spark_airflow.py
[2024-11-17T11:29:40.329+0000] {logging_mixin.py:190} INFO - [2024-11-17T11:29:40.329+0000] {dag.py:3239} INFO - Sync 1 DAGs
[2024-11-17T11:29:40.339+0000] {logging_mixin.py:190} INFO - [2024-11-17T11:29:40.339+0000] {dag.py:4180} INFO - Setting next_dagrun for sparkingFlow to 2024-11-16T00:00:00+00:00, run_after=2024-11-17T00:00:00+00:00
[2024-11-17T11:29:40.349+0000] {processor.py:208} INFO - Processing /opt/airflow/dags/spark_airflow.py took 0.042 seconds
[2024-11-17T11:30:10.620+0000] {processor.py:186} INFO - Started process (PID=229) to work on /opt/airflow/dags/spark_airflow.py
[2024-11-17T11:30:10.620+0000] {processor.py:914} INFO - Processing file /opt/airflow/dags/spark_airflow.py for tasks to queue
[2024-11-17T11:30:10.623+0000] {logging_mixin.py:190} INFO - [2024-11-17T11:30:10.623+0000] {dagbag.py:588} INFO - Filling up the DagBag from /opt/airflow/dags/spark_airflow.py
[2024-11-17T11:30:10.634+0000] {processor.py:925} INFO - DAG(s) 'sparkingFlow' retrieved from /opt/airflow/dags/spark_airflow.py
[2024-11-17T11:30:10.651+0000] {logging_mixin.py:190} INFO - [2024-11-17T11:30:10.651+0000] {dag.py:3239} INFO - Sync 1 DAGs
[2024-11-17T11:30:10.662+0000] {logging_mixin.py:190} INFO - [2024-11-17T11:30:10.662+0000] {dag.py:4180} INFO - Setting next_dagrun for sparkingFlow to 2024-11-16T00:00:00+00:00, run_after=2024-11-17T00:00:00+00:00
[2024-11-17T11:30:10.669+0000] {processor.py:208} INFO - Processing /opt/airflow/dags/spark_airflow.py took 0.054 seconds
[2024-11-17T11:30:40.922+0000] {processor.py:186} INFO - Started process (PID=234) to work on /opt/airflow/dags/spark_airflow.py
[2024-11-17T11:30:40.922+0000] {processor.py:914} INFO - Processing file /opt/airflow/dags/spark_airflow.py for tasks to queue
[2024-11-17T11:30:40.925+0000] {logging_mixin.py:190} INFO - [2024-11-17T11:30:40.924+0000] {dagbag.py:588} INFO - Filling up the DagBag from /opt/airflow/dags/spark_airflow.py
[2024-11-17T11:30:40.934+0000] {processor.py:925} INFO - DAG(s) 'sparkingFlow' retrieved from /opt/airflow/dags/spark_airflow.py
[2024-11-17T11:30:40.949+0000] {logging_mixin.py:190} INFO - [2024-11-17T11:30:40.949+0000] {dag.py:3239} INFO - Sync 1 DAGs
[2024-11-17T11:30:40.958+0000] {logging_mixin.py:190} INFO - [2024-11-17T11:30:40.958+0000] {dag.py:4180} INFO - Setting next_dagrun for sparkingFlow to 2024-11-16T00:00:00+00:00, run_after=2024-11-17T00:00:00+00:00
[2024-11-17T11:30:40.965+0000] {processor.py:208} INFO - Processing /opt/airflow/dags/spark_airflow.py took 0.048 seconds
[2024-11-17T11:31:11.262+0000] {processor.py:186} INFO - Started process (PID=239) to work on /opt/airflow/dags/spark_airflow.py
[2024-11-17T11:31:11.263+0000] {processor.py:914} INFO - Processing file /opt/airflow/dags/spark_airflow.py for tasks to queue
[2024-11-17T11:31:11.265+0000] {logging_mixin.py:190} INFO - [2024-11-17T11:31:11.265+0000] {dagbag.py:588} INFO - Filling up the DagBag from /opt/airflow/dags/spark_airflow.py
[2024-11-17T11:31:11.275+0000] {processor.py:925} INFO - DAG(s) 'sparkingFlow' retrieved from /opt/airflow/dags/spark_airflow.py
[2024-11-17T11:31:11.291+0000] {logging_mixin.py:190} INFO - [2024-11-17T11:31:11.291+0000] {dag.py:3239} INFO - Sync 1 DAGs
[2024-11-17T11:31:11.301+0000] {logging_mixin.py:190} INFO - [2024-11-17T11:31:11.301+0000] {dag.py:4180} INFO - Setting next_dagrun for sparkingFlow to 2024-11-16T00:00:00+00:00, run_after=2024-11-17T00:00:00+00:00
[2024-11-17T11:31:11.308+0000] {processor.py:208} INFO - Processing /opt/airflow/dags/spark_airflow.py took 0.051 seconds
[2024-11-17T11:31:41.588+0000] {processor.py:186} INFO - Started process (PID=244) to work on /opt/airflow/dags/spark_airflow.py
[2024-11-17T11:31:41.588+0000] {processor.py:914} INFO - Processing file /opt/airflow/dags/spark_airflow.py for tasks to queue
[2024-11-17T11:31:41.590+0000] {logging_mixin.py:190} INFO - [2024-11-17T11:31:41.590+0000] {dagbag.py:588} INFO - Filling up the DagBag from /opt/airflow/dags/spark_airflow.py
[2024-11-17T11:31:41.599+0000] {processor.py:925} INFO - DAG(s) 'sparkingFlow' retrieved from /opt/airflow/dags/spark_airflow.py
[2024-11-17T11:31:41.614+0000] {logging_mixin.py:190} INFO - [2024-11-17T11:31:41.614+0000] {dag.py:3239} INFO - Sync 1 DAGs
[2024-11-17T11:31:41.625+0000] {logging_mixin.py:190} INFO - [2024-11-17T11:31:41.625+0000] {dag.py:4180} INFO - Setting next_dagrun for sparkingFlow to 2024-11-16T00:00:00+00:00, run_after=2024-11-17T00:00:00+00:00
[2024-11-17T11:31:41.632+0000] {processor.py:208} INFO - Processing /opt/airflow/dags/spark_airflow.py took 0.049 seconds
[2024-11-17T11:32:11.907+0000] {processor.py:186} INFO - Started process (PID=249) to work on /opt/airflow/dags/spark_airflow.py
[2024-11-17T11:32:11.908+0000] {processor.py:914} INFO - Processing file /opt/airflow/dags/spark_airflow.py for tasks to queue
[2024-11-17T11:32:11.910+0000] {logging_mixin.py:190} INFO - [2024-11-17T11:32:11.910+0000] {dagbag.py:588} INFO - Filling up the DagBag from /opt/airflow/dags/spark_airflow.py
[2024-11-17T11:32:11.920+0000] {processor.py:925} INFO - DAG(s) 'sparkingFlow' retrieved from /opt/airflow/dags/spark_airflow.py
[2024-11-17T11:32:11.935+0000] {logging_mixin.py:190} INFO - [2024-11-17T11:32:11.935+0000] {dag.py:3239} INFO - Sync 1 DAGs
[2024-11-17T11:32:11.946+0000] {logging_mixin.py:190} INFO - [2024-11-17T11:32:11.946+0000] {dag.py:4180} INFO - Setting next_dagrun for sparkingFlow to 2024-11-16T00:00:00+00:00, run_after=2024-11-17T00:00:00+00:00
[2024-11-17T11:32:11.953+0000] {processor.py:208} INFO - Processing /opt/airflow/dags/spark_airflow.py took 0.050 seconds
[2024-11-17T11:32:42.358+0000] {processor.py:186} INFO - Started process (PID=254) to work on /opt/airflow/dags/spark_airflow.py
[2024-11-17T11:32:42.359+0000] {processor.py:914} INFO - Processing file /opt/airflow/dags/spark_airflow.py for tasks to queue
[2024-11-17T11:32:42.361+0000] {logging_mixin.py:190} INFO - [2024-11-17T11:32:42.361+0000] {dagbag.py:588} INFO - Filling up the DagBag from /opt/airflow/dags/spark_airflow.py
[2024-11-17T11:32:42.372+0000] {processor.py:925} INFO - DAG(s) 'sparkingFlow' retrieved from /opt/airflow/dags/spark_airflow.py
[2024-11-17T11:32:42.397+0000] {logging_mixin.py:190} INFO - [2024-11-17T11:32:42.397+0000] {dag.py:3239} INFO - Sync 1 DAGs
[2024-11-17T11:32:42.407+0000] {logging_mixin.py:190} INFO - [2024-11-17T11:32:42.407+0000] {dag.py:4180} INFO - Setting next_dagrun for sparkingFlow to 2024-11-16T00:00:00+00:00, run_after=2024-11-17T00:00:00+00:00
[2024-11-17T11:32:42.413+0000] {processor.py:208} INFO - Processing /opt/airflow/dags/spark_airflow.py took 0.060 seconds
[2024-11-17T11:33:12.703+0000] {processor.py:186} INFO - Started process (PID=259) to work on /opt/airflow/dags/spark_airflow.py
[2024-11-17T11:33:12.704+0000] {processor.py:914} INFO - Processing file /opt/airflow/dags/spark_airflow.py for tasks to queue
[2024-11-17T11:33:12.706+0000] {logging_mixin.py:190} INFO - [2024-11-17T11:33:12.706+0000] {dagbag.py:588} INFO - Filling up the DagBag from /opt/airflow/dags/spark_airflow.py
[2024-11-17T11:33:12.716+0000] {processor.py:925} INFO - DAG(s) 'sparkingFlow' retrieved from /opt/airflow/dags/spark_airflow.py
[2024-11-17T11:33:12.736+0000] {logging_mixin.py:190} INFO - [2024-11-17T11:33:12.736+0000] {dag.py:3239} INFO - Sync 1 DAGs
[2024-11-17T11:33:12.746+0000] {logging_mixin.py:190} INFO - [2024-11-17T11:33:12.746+0000] {dag.py:4180} INFO - Setting next_dagrun for sparkingFlow to 2024-11-16T00:00:00+00:00, run_after=2024-11-17T00:00:00+00:00
[2024-11-17T11:33:12.752+0000] {processor.py:208} INFO - Processing /opt/airflow/dags/spark_airflow.py took 0.055 seconds
[2024-11-17T11:33:43.020+0000] {processor.py:186} INFO - Started process (PID=264) to work on /opt/airflow/dags/spark_airflow.py
[2024-11-17T11:33:43.021+0000] {processor.py:914} INFO - Processing file /opt/airflow/dags/spark_airflow.py for tasks to queue
[2024-11-17T11:33:43.022+0000] {logging_mixin.py:190} INFO - [2024-11-17T11:33:43.022+0000] {dagbag.py:588} INFO - Filling up the DagBag from /opt/airflow/dags/spark_airflow.py
[2024-11-17T11:33:43.029+0000] {processor.py:925} INFO - DAG(s) 'sparkingFlow' retrieved from /opt/airflow/dags/spark_airflow.py
[2024-11-17T11:33:43.046+0000] {logging_mixin.py:190} INFO - [2024-11-17T11:33:43.046+0000] {dag.py:3239} INFO - Sync 1 DAGs
[2024-11-17T11:33:43.055+0000] {logging_mixin.py:190} INFO - [2024-11-17T11:33:43.055+0000] {dag.py:4180} INFO - Setting next_dagrun for sparkingFlow to 2024-11-16T00:00:00+00:00, run_after=2024-11-17T00:00:00+00:00
[2024-11-17T11:33:43.062+0000] {processor.py:208} INFO - Processing /opt/airflow/dags/spark_airflow.py took 0.045 seconds
[2024-11-17T11:34:13.324+0000] {processor.py:186} INFO - Started process (PID=269) to work on /opt/airflow/dags/spark_airflow.py
[2024-11-17T11:34:13.325+0000] {processor.py:914} INFO - Processing file /opt/airflow/dags/spark_airflow.py for tasks to queue
[2024-11-17T11:34:13.326+0000] {logging_mixin.py:190} INFO - [2024-11-17T11:34:13.326+0000] {dagbag.py:588} INFO - Filling up the DagBag from /opt/airflow/dags/spark_airflow.py
[2024-11-17T11:34:13.334+0000] {processor.py:925} INFO - DAG(s) 'sparkingFlow' retrieved from /opt/airflow/dags/spark_airflow.py
[2024-11-17T11:34:13.350+0000] {logging_mixin.py:190} INFO - [2024-11-17T11:34:13.350+0000] {dag.py:3239} INFO - Sync 1 DAGs
[2024-11-17T11:34:13.360+0000] {logging_mixin.py:190} INFO - [2024-11-17T11:34:13.360+0000] {dag.py:4180} INFO - Setting next_dagrun for sparkingFlow to 2024-11-16T00:00:00+00:00, run_after=2024-11-17T00:00:00+00:00
[2024-11-17T11:34:13.367+0000] {processor.py:208} INFO - Processing /opt/airflow/dags/spark_airflow.py took 0.046 seconds
[2024-11-17T11:34:43.607+0000] {processor.py:186} INFO - Started process (PID=274) to work on /opt/airflow/dags/spark_airflow.py
[2024-11-17T11:34:43.607+0000] {processor.py:914} INFO - Processing file /opt/airflow/dags/spark_airflow.py for tasks to queue
[2024-11-17T11:34:43.610+0000] {logging_mixin.py:190} INFO - [2024-11-17T11:34:43.610+0000] {dagbag.py:588} INFO - Filling up the DagBag from /opt/airflow/dags/spark_airflow.py
[2024-11-17T11:34:43.619+0000] {processor.py:925} INFO - DAG(s) 'sparkingFlow' retrieved from /opt/airflow/dags/spark_airflow.py
[2024-11-17T11:34:43.636+0000] {logging_mixin.py:190} INFO - [2024-11-17T11:34:43.636+0000] {dag.py:3239} INFO - Sync 1 DAGs
[2024-11-17T11:34:43.645+0000] {logging_mixin.py:190} INFO - [2024-11-17T11:34:43.645+0000] {dag.py:4180} INFO - Setting next_dagrun for sparkingFlow to 2024-11-16T00:00:00+00:00, run_after=2024-11-17T00:00:00+00:00
[2024-11-17T11:34:43.652+0000] {processor.py:208} INFO - Processing /opt/airflow/dags/spark_airflow.py took 0.050 seconds
[2024-11-17T11:35:13.913+0000] {processor.py:186} INFO - Started process (PID=279) to work on /opt/airflow/dags/spark_airflow.py
[2024-11-17T11:35:13.913+0000] {processor.py:914} INFO - Processing file /opt/airflow/dags/spark_airflow.py for tasks to queue
[2024-11-17T11:35:13.917+0000] {logging_mixin.py:190} INFO - [2024-11-17T11:35:13.917+0000] {dagbag.py:588} INFO - Filling up the DagBag from /opt/airflow/dags/spark_airflow.py
[2024-11-17T11:35:13.930+0000] {processor.py:925} INFO - DAG(s) 'sparkingFlow' retrieved from /opt/airflow/dags/spark_airflow.py
[2024-11-17T11:35:13.956+0000] {logging_mixin.py:190} INFO - [2024-11-17T11:35:13.956+0000] {dag.py:3239} INFO - Sync 1 DAGs
[2024-11-17T11:35:13.971+0000] {logging_mixin.py:190} INFO - [2024-11-17T11:35:13.971+0000] {dag.py:4180} INFO - Setting next_dagrun for sparkingFlow to 2024-11-16T00:00:00+00:00, run_after=2024-11-17T00:00:00+00:00
[2024-11-17T11:35:13.978+0000] {processor.py:208} INFO - Processing /opt/airflow/dags/spark_airflow.py took 0.072 seconds
[2024-11-17T11:35:44.298+0000] {processor.py:186} INFO - Started process (PID=284) to work on /opt/airflow/dags/spark_airflow.py
[2024-11-17T11:35:44.298+0000] {processor.py:914} INFO - Processing file /opt/airflow/dags/spark_airflow.py for tasks to queue
[2024-11-17T11:35:44.302+0000] {logging_mixin.py:190} INFO - [2024-11-17T11:35:44.302+0000] {dagbag.py:588} INFO - Filling up the DagBag from /opt/airflow/dags/spark_airflow.py
[2024-11-17T11:35:44.313+0000] {processor.py:925} INFO - DAG(s) 'sparkingFlow' retrieved from /opt/airflow/dags/spark_airflow.py
[2024-11-17T11:35:44.333+0000] {logging_mixin.py:190} INFO - [2024-11-17T11:35:44.332+0000] {dag.py:3239} INFO - Sync 1 DAGs
[2024-11-17T11:35:44.342+0000] {logging_mixin.py:190} INFO - [2024-11-17T11:35:44.342+0000] {dag.py:4180} INFO - Setting next_dagrun for sparkingFlow to 2024-11-16T00:00:00+00:00, run_after=2024-11-17T00:00:00+00:00
[2024-11-17T11:35:44.348+0000] {processor.py:208} INFO - Processing /opt/airflow/dags/spark_airflow.py took 0.059 seconds
[2024-11-17T11:36:14.696+0000] {processor.py:186} INFO - Started process (PID=289) to work on /opt/airflow/dags/spark_airflow.py
[2024-11-17T11:36:14.697+0000] {processor.py:914} INFO - Processing file /opt/airflow/dags/spark_airflow.py for tasks to queue
[2024-11-17T11:36:14.699+0000] {logging_mixin.py:190} INFO - [2024-11-17T11:36:14.699+0000] {dagbag.py:588} INFO - Filling up the DagBag from /opt/airflow/dags/spark_airflow.py
[2024-11-17T11:36:14.708+0000] {processor.py:925} INFO - DAG(s) 'sparkingFlow' retrieved from /opt/airflow/dags/spark_airflow.py
[2024-11-17T11:36:14.728+0000] {logging_mixin.py:190} INFO - [2024-11-17T11:36:14.728+0000] {dag.py:3239} INFO - Sync 1 DAGs
[2024-11-17T11:36:14.738+0000] {logging_mixin.py:190} INFO - [2024-11-17T11:36:14.738+0000] {dag.py:4180} INFO - Setting next_dagrun for sparkingFlow to 2024-11-16T00:00:00+00:00, run_after=2024-11-17T00:00:00+00:00
[2024-11-17T11:36:14.744+0000] {processor.py:208} INFO - Processing /opt/airflow/dags/spark_airflow.py took 0.053 seconds
[2024-11-17T11:36:45.078+0000] {processor.py:186} INFO - Started process (PID=294) to work on /opt/airflow/dags/spark_airflow.py
[2024-11-17T11:36:45.078+0000] {processor.py:914} INFO - Processing file /opt/airflow/dags/spark_airflow.py for tasks to queue
[2024-11-17T11:36:45.081+0000] {logging_mixin.py:190} INFO - [2024-11-17T11:36:45.081+0000] {dagbag.py:588} INFO - Filling up the DagBag from /opt/airflow/dags/spark_airflow.py
[2024-11-17T11:36:45.090+0000] {processor.py:925} INFO - DAG(s) 'sparkingFlow' retrieved from /opt/airflow/dags/spark_airflow.py
[2024-11-17T11:36:45.110+0000] {logging_mixin.py:190} INFO - [2024-11-17T11:36:45.110+0000] {dag.py:3239} INFO - Sync 1 DAGs
[2024-11-17T11:36:45.121+0000] {logging_mixin.py:190} INFO - [2024-11-17T11:36:45.121+0000] {dag.py:4180} INFO - Setting next_dagrun for sparkingFlow to 2024-11-16T00:00:00+00:00, run_after=2024-11-17T00:00:00+00:00
[2024-11-17T11:36:45.127+0000] {processor.py:208} INFO - Processing /opt/airflow/dags/spark_airflow.py took 0.057 seconds
[2024-11-17T11:37:15.461+0000] {processor.py:186} INFO - Started process (PID=299) to work on /opt/airflow/dags/spark_airflow.py
[2024-11-17T11:37:15.462+0000] {processor.py:914} INFO - Processing file /opt/airflow/dags/spark_airflow.py for tasks to queue
[2024-11-17T11:37:15.464+0000] {logging_mixin.py:190} INFO - [2024-11-17T11:37:15.464+0000] {dagbag.py:588} INFO - Filling up the DagBag from /opt/airflow/dags/spark_airflow.py
[2024-11-17T11:37:15.474+0000] {processor.py:925} INFO - DAG(s) 'sparkingFlow' retrieved from /opt/airflow/dags/spark_airflow.py
[2024-11-17T11:37:15.494+0000] {logging_mixin.py:190} INFO - [2024-11-17T11:37:15.494+0000] {dag.py:3239} INFO - Sync 1 DAGs
[2024-11-17T11:37:15.504+0000] {logging_mixin.py:190} INFO - [2024-11-17T11:37:15.504+0000] {dag.py:4180} INFO - Setting next_dagrun for sparkingFlow to 2024-11-16T00:00:00+00:00, run_after=2024-11-17T00:00:00+00:00
[2024-11-17T11:37:15.510+0000] {processor.py:208} INFO - Processing /opt/airflow/dags/spark_airflow.py took 0.055 seconds
[2024-11-17T11:37:45.847+0000] {processor.py:186} INFO - Started process (PID=304) to work on /opt/airflow/dags/spark_airflow.py
[2024-11-17T11:37:45.848+0000] {processor.py:914} INFO - Processing file /opt/airflow/dags/spark_airflow.py for tasks to queue
[2024-11-17T11:37:45.849+0000] {logging_mixin.py:190} INFO - [2024-11-17T11:37:45.849+0000] {dagbag.py:588} INFO - Filling up the DagBag from /opt/airflow/dags/spark_airflow.py
[2024-11-17T11:37:45.860+0000] {processor.py:925} INFO - DAG(s) 'sparkingFlow' retrieved from /opt/airflow/dags/spark_airflow.py
[2024-11-17T11:37:45.873+0000] {logging_mixin.py:190} INFO - [2024-11-17T11:37:45.873+0000] {dag.py:3239} INFO - Sync 1 DAGs
[2024-11-17T11:37:45.882+0000] {logging_mixin.py:190} INFO - [2024-11-17T11:37:45.882+0000] {dag.py:4180} INFO - Setting next_dagrun for sparkingFlow to 2024-11-16T00:00:00+00:00, run_after=2024-11-17T00:00:00+00:00
[2024-11-17T11:37:45.888+0000] {processor.py:208} INFO - Processing /opt/airflow/dags/spark_airflow.py took 0.045 seconds
[2024-11-17T11:38:16.270+0000] {processor.py:186} INFO - Started process (PID=309) to work on /opt/airflow/dags/spark_airflow.py
[2024-11-17T11:38:16.271+0000] {processor.py:914} INFO - Processing file /opt/airflow/dags/spark_airflow.py for tasks to queue
[2024-11-17T11:38:16.274+0000] {logging_mixin.py:190} INFO - [2024-11-17T11:38:16.273+0000] {dagbag.py:588} INFO - Filling up the DagBag from /opt/airflow/dags/spark_airflow.py
[2024-11-17T11:38:16.289+0000] {processor.py:925} INFO - DAG(s) 'sparkingFlow' retrieved from /opt/airflow/dags/spark_airflow.py
[2024-11-17T11:38:16.305+0000] {logging_mixin.py:190} INFO - [2024-11-17T11:38:16.305+0000] {dag.py:3239} INFO - Sync 1 DAGs
[2024-11-17T11:38:16.315+0000] {logging_mixin.py:190} INFO - [2024-11-17T11:38:16.315+0000] {dag.py:4180} INFO - Setting next_dagrun for sparkingFlow to 2024-11-16T00:00:00+00:00, run_after=2024-11-17T00:00:00+00:00
[2024-11-17T11:38:16.321+0000] {processor.py:208} INFO - Processing /opt/airflow/dags/spark_airflow.py took 0.057 seconds
[2024-11-17T11:38:46.683+0000] {processor.py:186} INFO - Started process (PID=314) to work on /opt/airflow/dags/spark_airflow.py
[2024-11-17T11:38:46.683+0000] {processor.py:914} INFO - Processing file /opt/airflow/dags/spark_airflow.py for tasks to queue
[2024-11-17T11:38:46.685+0000] {logging_mixin.py:190} INFO - [2024-11-17T11:38:46.685+0000] {dagbag.py:588} INFO - Filling up the DagBag from /opt/airflow/dags/spark_airflow.py
[2024-11-17T11:38:46.701+0000] {processor.py:925} INFO - DAG(s) 'sparkingFlow' retrieved from /opt/airflow/dags/spark_airflow.py
[2024-11-17T11:38:46.716+0000] {logging_mixin.py:190} INFO - [2024-11-17T11:38:46.716+0000] {dag.py:3239} INFO - Sync 1 DAGs
[2024-11-17T11:38:46.726+0000] {logging_mixin.py:190} INFO - [2024-11-17T11:38:46.726+0000] {dag.py:4180} INFO - Setting next_dagrun for sparkingFlow to 2024-11-16T00:00:00+00:00, run_after=2024-11-17T00:00:00+00:00
[2024-11-17T11:38:46.733+0000] {processor.py:208} INFO - Processing /opt/airflow/dags/spark_airflow.py took 0.057 seconds
[2024-11-17T11:39:17.025+0000] {processor.py:186} INFO - Started process (PID=319) to work on /opt/airflow/dags/spark_airflow.py
[2024-11-17T11:39:17.025+0000] {processor.py:914} INFO - Processing file /opt/airflow/dags/spark_airflow.py for tasks to queue
[2024-11-17T11:39:17.027+0000] {logging_mixin.py:190} INFO - [2024-11-17T11:39:17.027+0000] {dagbag.py:588} INFO - Filling up the DagBag from /opt/airflow/dags/spark_airflow.py
[2024-11-17T11:39:17.039+0000] {processor.py:925} INFO - DAG(s) 'sparkingFlow' retrieved from /opt/airflow/dags/spark_airflow.py
[2024-11-17T11:39:17.053+0000] {logging_mixin.py:190} INFO - [2024-11-17T11:39:17.053+0000] {dag.py:3239} INFO - Sync 1 DAGs
[2024-11-17T11:39:17.064+0000] {logging_mixin.py:190} INFO - [2024-11-17T11:39:17.063+0000] {dag.py:4180} INFO - Setting next_dagrun for sparkingFlow to 2024-11-16T00:00:00+00:00, run_after=2024-11-17T00:00:00+00:00
[2024-11-17T11:39:17.070+0000] {processor.py:208} INFO - Processing /opt/airflow/dags/spark_airflow.py took 0.051 seconds
[2024-11-17T11:39:47.388+0000] {processor.py:186} INFO - Started process (PID=324) to work on /opt/airflow/dags/spark_airflow.py
[2024-11-17T11:39:47.389+0000] {processor.py:914} INFO - Processing file /opt/airflow/dags/spark_airflow.py for tasks to queue
[2024-11-17T11:39:47.391+0000] {logging_mixin.py:190} INFO - [2024-11-17T11:39:47.391+0000] {dagbag.py:588} INFO - Filling up the DagBag from /opt/airflow/dags/spark_airflow.py
[2024-11-17T11:39:47.407+0000] {processor.py:925} INFO - DAG(s) 'sparkingFlow' retrieved from /opt/airflow/dags/spark_airflow.py
[2024-11-17T11:39:47.422+0000] {logging_mixin.py:190} INFO - [2024-11-17T11:39:47.422+0000] {dag.py:3239} INFO - Sync 1 DAGs
[2024-11-17T11:39:47.432+0000] {logging_mixin.py:190} INFO - [2024-11-17T11:39:47.432+0000] {dag.py:4180} INFO - Setting next_dagrun for sparkingFlow to 2024-11-16T00:00:00+00:00, run_after=2024-11-17T00:00:00+00:00
[2024-11-17T11:39:47.439+0000] {processor.py:208} INFO - Processing /opt/airflow/dags/spark_airflow.py took 0.056 seconds
[2024-11-17T11:40:17.786+0000] {processor.py:186} INFO - Started process (PID=329) to work on /opt/airflow/dags/spark_airflow.py
[2024-11-17T11:40:17.786+0000] {processor.py:914} INFO - Processing file /opt/airflow/dags/spark_airflow.py for tasks to queue
[2024-11-17T11:40:17.788+0000] {logging_mixin.py:190} INFO - [2024-11-17T11:40:17.788+0000] {dagbag.py:588} INFO - Filling up the DagBag from /opt/airflow/dags/spark_airflow.py
[2024-11-17T11:40:17.802+0000] {processor.py:925} INFO - DAG(s) 'sparkingFlow' retrieved from /opt/airflow/dags/spark_airflow.py
[2024-11-17T11:40:17.816+0000] {logging_mixin.py:190} INFO - [2024-11-17T11:40:17.815+0000] {dag.py:3239} INFO - Sync 1 DAGs
[2024-11-17T11:40:17.825+0000] {logging_mixin.py:190} INFO - [2024-11-17T11:40:17.825+0000] {dag.py:4180} INFO - Setting next_dagrun for sparkingFlow to 2024-11-16T00:00:00+00:00, run_after=2024-11-17T00:00:00+00:00
[2024-11-17T11:40:17.831+0000] {processor.py:208} INFO - Processing /opt/airflow/dags/spark_airflow.py took 0.051 seconds
[2024-11-17T11:40:48.193+0000] {processor.py:186} INFO - Started process (PID=334) to work on /opt/airflow/dags/spark_airflow.py
[2024-11-17T11:40:48.193+0000] {processor.py:914} INFO - Processing file /opt/airflow/dags/spark_airflow.py for tasks to queue
[2024-11-17T11:40:48.197+0000] {logging_mixin.py:190} INFO - [2024-11-17T11:40:48.196+0000] {dagbag.py:588} INFO - Filling up the DagBag from /opt/airflow/dags/spark_airflow.py
[2024-11-17T11:40:48.253+0000] {processor.py:925} INFO - DAG(s) 'sparkingFlow' retrieved from /opt/airflow/dags/spark_airflow.py
[2024-11-17T11:40:48.287+0000] {logging_mixin.py:190} INFO - [2024-11-17T11:40:48.287+0000] {dag.py:3239} INFO - Sync 1 DAGs
[2024-11-17T11:40:48.305+0000] {logging_mixin.py:190} INFO - [2024-11-17T11:40:48.305+0000] {dag.py:4180} INFO - Setting next_dagrun for sparkingFlow to 2024-11-16T00:00:00+00:00, run_after=2024-11-17T00:00:00+00:00
[2024-11-17T11:40:48.313+0000] {processor.py:208} INFO - Processing /opt/airflow/dags/spark_airflow.py took 0.129 seconds
[2024-11-17T11:41:18.543+0000] {processor.py:186} INFO - Started process (PID=339) to work on /opt/airflow/dags/spark_airflow.py
[2024-11-17T11:41:18.544+0000] {processor.py:914} INFO - Processing file /opt/airflow/dags/spark_airflow.py for tasks to queue
[2024-11-17T11:41:18.547+0000] {logging_mixin.py:190} INFO - [2024-11-17T11:41:18.547+0000] {dagbag.py:588} INFO - Filling up the DagBag from /opt/airflow/dags/spark_airflow.py
[2024-11-17T11:41:18.557+0000] {processor.py:925} INFO - DAG(s) 'sparkingFlow' retrieved from /opt/airflow/dags/spark_airflow.py
[2024-11-17T11:41:18.573+0000] {logging_mixin.py:190} INFO - [2024-11-17T11:41:18.573+0000] {dag.py:3239} INFO - Sync 1 DAGs
[2024-11-17T11:41:18.585+0000] {logging_mixin.py:190} INFO - [2024-11-17T11:41:18.585+0000] {dag.py:4180} INFO - Setting next_dagrun for sparkingFlow to 2024-11-16T00:00:00+00:00, run_after=2024-11-17T00:00:00+00:00
[2024-11-17T11:41:18.592+0000] {processor.py:208} INFO - Processing /opt/airflow/dags/spark_airflow.py took 0.056 seconds
[2024-11-17T11:41:48.896+0000] {processor.py:186} INFO - Started process (PID=344) to work on /opt/airflow/dags/spark_airflow.py
[2024-11-17T11:41:48.896+0000] {processor.py:914} INFO - Processing file /opt/airflow/dags/spark_airflow.py for tasks to queue
[2024-11-17T11:41:48.898+0000] {logging_mixin.py:190} INFO - [2024-11-17T11:41:48.898+0000] {dagbag.py:588} INFO - Filling up the DagBag from /opt/airflow/dags/spark_airflow.py
[2024-11-17T11:41:48.908+0000] {processor.py:925} INFO - DAG(s) 'sparkingFlow' retrieved from /opt/airflow/dags/spark_airflow.py
[2024-11-17T11:41:48.926+0000] {logging_mixin.py:190} INFO - [2024-11-17T11:41:48.926+0000] {dag.py:3239} INFO - Sync 1 DAGs
[2024-11-17T11:41:48.939+0000] {logging_mixin.py:190} INFO - [2024-11-17T11:41:48.939+0000] {dag.py:4180} INFO - Setting next_dagrun for sparkingFlow to 2024-11-16T00:00:00+00:00, run_after=2024-11-17T00:00:00+00:00
[2024-11-17T11:41:48.946+0000] {processor.py:208} INFO - Processing /opt/airflow/dags/spark_airflow.py took 0.056 seconds
[2024-11-17T11:42:19.235+0000] {processor.py:186} INFO - Started process (PID=349) to work on /opt/airflow/dags/spark_airflow.py
[2024-11-17T11:42:19.236+0000] {processor.py:914} INFO - Processing file /opt/airflow/dags/spark_airflow.py for tasks to queue
[2024-11-17T11:42:19.238+0000] {logging_mixin.py:190} INFO - [2024-11-17T11:42:19.238+0000] {dagbag.py:588} INFO - Filling up the DagBag from /opt/airflow/dags/spark_airflow.py
[2024-11-17T11:42:19.248+0000] {processor.py:925} INFO - DAG(s) 'sparkingFlow' retrieved from /opt/airflow/dags/spark_airflow.py
[2024-11-17T11:42:19.265+0000] {logging_mixin.py:190} INFO - [2024-11-17T11:42:19.265+0000] {dag.py:3239} INFO - Sync 1 DAGs
[2024-11-17T11:42:19.275+0000] {logging_mixin.py:190} INFO - [2024-11-17T11:42:19.275+0000] {dag.py:4180} INFO - Setting next_dagrun for sparkingFlow to 2024-11-16T00:00:00+00:00, run_after=2024-11-17T00:00:00+00:00
[2024-11-17T11:42:19.282+0000] {processor.py:208} INFO - Processing /opt/airflow/dags/spark_airflow.py took 0.053 seconds
[2024-11-17T11:42:49.615+0000] {processor.py:186} INFO - Started process (PID=354) to work on /opt/airflow/dags/spark_airflow.py
[2024-11-17T11:42:49.616+0000] {processor.py:914} INFO - Processing file /opt/airflow/dags/spark_airflow.py for tasks to queue
[2024-11-17T11:42:49.618+0000] {logging_mixin.py:190} INFO - [2024-11-17T11:42:49.618+0000] {dagbag.py:588} INFO - Filling up the DagBag from /opt/airflow/dags/spark_airflow.py
[2024-11-17T11:42:49.627+0000] {processor.py:925} INFO - DAG(s) 'sparkingFlow' retrieved from /opt/airflow/dags/spark_airflow.py
[2024-11-17T11:42:49.643+0000] {logging_mixin.py:190} INFO - [2024-11-17T11:42:49.643+0000] {dag.py:3239} INFO - Sync 1 DAGs
[2024-11-17T11:42:49.653+0000] {logging_mixin.py:190} INFO - [2024-11-17T11:42:49.653+0000] {dag.py:4180} INFO - Setting next_dagrun for sparkingFlow to 2024-11-16T00:00:00+00:00, run_after=2024-11-17T00:00:00+00:00
[2024-11-17T11:42:49.660+0000] {processor.py:208} INFO - Processing /opt/airflow/dags/spark_airflow.py took 0.049 seconds
[2024-11-17T11:43:19.943+0000] {processor.py:186} INFO - Started process (PID=359) to work on /opt/airflow/dags/spark_airflow.py
[2024-11-17T11:43:19.943+0000] {processor.py:914} INFO - Processing file /opt/airflow/dags/spark_airflow.py for tasks to queue
[2024-11-17T11:43:19.945+0000] {logging_mixin.py:190} INFO - [2024-11-17T11:43:19.945+0000] {dagbag.py:588} INFO - Filling up the DagBag from /opt/airflow/dags/spark_airflow.py
[2024-11-17T11:43:19.952+0000] {processor.py:925} INFO - DAG(s) 'sparkingFlow' retrieved from /opt/airflow/dags/spark_airflow.py
[2024-11-17T11:43:19.967+0000] {logging_mixin.py:190} INFO - [2024-11-17T11:43:19.967+0000] {dag.py:3239} INFO - Sync 1 DAGs
[2024-11-17T11:43:19.978+0000] {logging_mixin.py:190} INFO - [2024-11-17T11:43:19.978+0000] {dag.py:4180} INFO - Setting next_dagrun for sparkingFlow to 2024-11-16T00:00:00+00:00, run_after=2024-11-17T00:00:00+00:00
[2024-11-17T11:43:19.985+0000] {processor.py:208} INFO - Processing /opt/airflow/dags/spark_airflow.py took 0.046 seconds
[2024-11-17T11:43:50.256+0000] {processor.py:186} INFO - Started process (PID=364) to work on /opt/airflow/dags/spark_airflow.py
[2024-11-17T11:43:50.257+0000] {processor.py:914} INFO - Processing file /opt/airflow/dags/spark_airflow.py for tasks to queue
[2024-11-17T11:43:50.259+0000] {logging_mixin.py:190} INFO - [2024-11-17T11:43:50.259+0000] {dagbag.py:588} INFO - Filling up the DagBag from /opt/airflow/dags/spark_airflow.py
[2024-11-17T11:43:50.268+0000] {processor.py:925} INFO - DAG(s) 'sparkingFlow' retrieved from /opt/airflow/dags/spark_airflow.py
[2024-11-17T11:43:50.284+0000] {logging_mixin.py:190} INFO - [2024-11-17T11:43:50.284+0000] {dag.py:3239} INFO - Sync 1 DAGs
[2024-11-17T11:43:50.294+0000] {logging_mixin.py:190} INFO - [2024-11-17T11:43:50.294+0000] {dag.py:4180} INFO - Setting next_dagrun for sparkingFlow to 2024-11-16T00:00:00+00:00, run_after=2024-11-17T00:00:00+00:00
[2024-11-17T11:43:50.301+0000] {processor.py:208} INFO - Processing /opt/airflow/dags/spark_airflow.py took 0.051 seconds
[2024-11-17T11:44:20.622+0000] {processor.py:186} INFO - Started process (PID=374) to work on /opt/airflow/dags/spark_airflow.py
[2024-11-17T11:44:20.623+0000] {processor.py:914} INFO - Processing file /opt/airflow/dags/spark_airflow.py for tasks to queue
[2024-11-17T11:44:20.625+0000] {logging_mixin.py:190} INFO - [2024-11-17T11:44:20.625+0000] {dagbag.py:588} INFO - Filling up the DagBag from /opt/airflow/dags/spark_airflow.py
[2024-11-17T11:44:20.633+0000] {processor.py:925} INFO - DAG(s) 'sparkingFlow' retrieved from /opt/airflow/dags/spark_airflow.py
[2024-11-17T11:44:20.641+0000] {logging_mixin.py:190} INFO - [2024-11-17T11:44:20.641+0000] {dag.py:3239} INFO - Sync 1 DAGs
[2024-11-17T11:44:20.655+0000] {logging_mixin.py:190} INFO - [2024-11-17T11:44:20.655+0000] {dag.py:4180} INFO - Setting next_dagrun for sparkingFlow to 2024-11-16T00:00:00+00:00, run_after=2024-11-17T00:00:00+00:00
[2024-11-17T11:44:20.662+0000] {processor.py:208} INFO - Processing /opt/airflow/dags/spark_airflow.py took 0.047 seconds
[2024-11-17T11:44:51.020+0000] {processor.py:186} INFO - Started process (PID=384) to work on /opt/airflow/dags/spark_airflow.py
[2024-11-17T11:44:51.021+0000] {processor.py:914} INFO - Processing file /opt/airflow/dags/spark_airflow.py for tasks to queue
[2024-11-17T11:44:51.024+0000] {logging_mixin.py:190} INFO - [2024-11-17T11:44:51.023+0000] {dagbag.py:588} INFO - Filling up the DagBag from /opt/airflow/dags/spark_airflow.py
[2024-11-17T11:44:51.034+0000] {processor.py:925} INFO - DAG(s) 'sparkingFlow' retrieved from /opt/airflow/dags/spark_airflow.py
[2024-11-17T11:44:51.087+0000] {logging_mixin.py:190} INFO - [2024-11-17T11:44:51.086+0000] {dag.py:3239} INFO - Sync 1 DAGs
[2024-11-17T11:44:51.095+0000] {logging_mixin.py:190} INFO - [2024-11-17T11:44:51.095+0000] {dag.py:4180} INFO - Setting next_dagrun for sparkingFlow to None, run_after=None
[2024-11-17T11:44:51.102+0000] {processor.py:208} INFO - Processing /opt/airflow/dags/spark_airflow.py took 0.089 seconds
[2024-11-17T11:45:15.388+0000] {processor.py:186} INFO - Started process (PID=179) to work on /opt/airflow/dags/spark_airflow.py
[2024-11-17T11:45:15.388+0000] {processor.py:914} INFO - Processing file /opt/airflow/dags/spark_airflow.py for tasks to queue
[2024-11-17T11:45:15.390+0000] {logging_mixin.py:190} INFO - [2024-11-17T11:45:15.390+0000] {dagbag.py:588} INFO - Filling up the DagBag from /opt/airflow/dags/spark_airflow.py
[2024-11-17T11:45:15.399+0000] {processor.py:925} INFO - DAG(s) 'sparkingFlow' retrieved from /opt/airflow/dags/spark_airflow.py
[2024-11-17T11:45:15.409+0000] {logging_mixin.py:190} INFO - [2024-11-17T11:45:15.408+0000] {dag.py:3239} INFO - Sync 1 DAGs
[2024-11-17T11:45:15.424+0000] {logging_mixin.py:190} INFO - [2024-11-17T11:45:15.424+0000] {dag.py:4180} INFO - Setting next_dagrun for sparkingFlow to None, run_after=None
[2024-11-17T11:45:15.433+0000] {processor.py:208} INFO - Processing /opt/airflow/dags/spark_airflow.py took 0.050 seconds
[2024-11-17T11:45:45.775+0000] {processor.py:186} INFO - Started process (PID=189) to work on /opt/airflow/dags/spark_airflow.py
[2024-11-17T11:45:45.776+0000] {processor.py:914} INFO - Processing file /opt/airflow/dags/spark_airflow.py for tasks to queue
[2024-11-17T11:45:45.779+0000] {logging_mixin.py:190} INFO - [2024-11-17T11:45:45.779+0000] {dagbag.py:588} INFO - Filling up the DagBag from /opt/airflow/dags/spark_airflow.py
[2024-11-17T11:45:45.792+0000] {processor.py:925} INFO - DAG(s) 'sparkingFlow' retrieved from /opt/airflow/dags/spark_airflow.py
[2024-11-17T11:45:45.809+0000] {logging_mixin.py:190} INFO - [2024-11-17T11:45:45.808+0000] {dag.py:3239} INFO - Sync 1 DAGs
[2024-11-17T11:45:45.821+0000] {logging_mixin.py:190} INFO - [2024-11-17T11:45:45.821+0000] {dag.py:4180} INFO - Setting next_dagrun for sparkingFlow to None, run_after=None
[2024-11-17T11:45:45.828+0000] {processor.py:208} INFO - Processing /opt/airflow/dags/spark_airflow.py took 0.060 seconds
[2024-11-17T11:46:16.196+0000] {processor.py:186} INFO - Started process (PID=199) to work on /opt/airflow/dags/spark_airflow.py
[2024-11-17T11:46:16.196+0000] {processor.py:914} INFO - Processing file /opt/airflow/dags/spark_airflow.py for tasks to queue
[2024-11-17T11:46:16.199+0000] {logging_mixin.py:190} INFO - [2024-11-17T11:46:16.199+0000] {dagbag.py:588} INFO - Filling up the DagBag from /opt/airflow/dags/spark_airflow.py
[2024-11-17T11:46:16.206+0000] {processor.py:925} INFO - DAG(s) 'sparkingFlow' retrieved from /opt/airflow/dags/spark_airflow.py
[2024-11-17T11:46:16.265+0000] {logging_mixin.py:190} INFO - [2024-11-17T11:46:16.265+0000] {dag.py:3239} INFO - Sync 1 DAGs
[2024-11-17T11:46:16.272+0000] {logging_mixin.py:190} INFO - [2024-11-17T11:46:16.272+0000] {dag.py:4180} INFO - Setting next_dagrun for sparkingFlow to None, run_after=None
[2024-11-17T11:46:16.279+0000] {processor.py:208} INFO - Processing /opt/airflow/dags/spark_airflow.py took 0.090 seconds
[2024-11-17T11:46:46.629+0000] {processor.py:186} INFO - Started process (PID=209) to work on /opt/airflow/dags/spark_airflow.py
[2024-11-17T11:46:46.630+0000] {processor.py:914} INFO - Processing file /opt/airflow/dags/spark_airflow.py for tasks to queue
[2024-11-17T11:46:46.633+0000] {logging_mixin.py:190} INFO - [2024-11-17T11:46:46.633+0000] {dagbag.py:588} INFO - Filling up the DagBag from /opt/airflow/dags/spark_airflow.py
[2024-11-17T11:46:46.644+0000] {processor.py:925} INFO - DAG(s) 'sparkingFlow' retrieved from /opt/airflow/dags/spark_airflow.py
[2024-11-17T11:46:46.663+0000] {logging_mixin.py:190} INFO - [2024-11-17T11:46:46.663+0000] {dag.py:3239} INFO - Sync 1 DAGs
[2024-11-17T11:46:46.678+0000] {logging_mixin.py:190} INFO - [2024-11-17T11:46:46.678+0000] {dag.py:4180} INFO - Setting next_dagrun for sparkingFlow to None, run_after=None
[2024-11-17T11:46:46.691+0000] {processor.py:208} INFO - Processing /opt/airflow/dags/spark_airflow.py took 0.069 seconds
[2024-11-17T11:47:17.092+0000] {processor.py:186} INFO - Started process (PID=219) to work on /opt/airflow/dags/spark_airflow.py
[2024-11-17T11:47:17.092+0000] {processor.py:914} INFO - Processing file /opt/airflow/dags/spark_airflow.py for tasks to queue
[2024-11-17T11:47:17.095+0000] {logging_mixin.py:190} INFO - [2024-11-17T11:47:17.095+0000] {dagbag.py:588} INFO - Filling up the DagBag from /opt/airflow/dags/spark_airflow.py
[2024-11-17T11:47:17.104+0000] {processor.py:925} INFO - DAG(s) 'sparkingFlow' retrieved from /opt/airflow/dags/spark_airflow.py
[2024-11-17T11:47:17.174+0000] {logging_mixin.py:190} INFO - [2024-11-17T11:47:17.174+0000] {dag.py:3239} INFO - Sync 1 DAGs
[2024-11-17T11:47:17.182+0000] {logging_mixin.py:190} INFO - [2024-11-17T11:47:17.182+0000] {dag.py:4180} INFO - Setting next_dagrun for sparkingFlow to None, run_after=None
[2024-11-17T11:47:17.188+0000] {processor.py:208} INFO - Processing /opt/airflow/dags/spark_airflow.py took 0.105 seconds
[2024-11-17T11:47:41.473+0000] {processor.py:186} INFO - Started process (PID=229) to work on /opt/airflow/dags/spark_airflow.py
[2024-11-17T11:47:41.473+0000] {processor.py:914} INFO - Processing file /opt/airflow/dags/spark_airflow.py for tasks to queue
[2024-11-17T11:47:41.477+0000] {logging_mixin.py:190} INFO - [2024-11-17T11:47:41.476+0000] {dagbag.py:588} INFO - Filling up the DagBag from /opt/airflow/dags/spark_airflow.py
[2024-11-17T11:47:41.489+0000] {processor.py:925} INFO - DAG(s) 'sparkingFlow' retrieved from /opt/airflow/dags/spark_airflow.py
[2024-11-17T11:47:41.500+0000] {logging_mixin.py:190} INFO - [2024-11-17T11:47:41.500+0000] {dag.py:3239} INFO - Sync 1 DAGs
[2024-11-17T11:47:41.512+0000] {logging_mixin.py:190} INFO - [2024-11-17T11:47:41.512+0000] {dag.py:4180} INFO - Setting next_dagrun for sparkingFlow to None, run_after=None
[2024-11-17T11:47:41.520+0000] {processor.py:208} INFO - Processing /opt/airflow/dags/spark_airflow.py took 0.053 seconds
[2024-11-17T11:48:11.840+0000] {processor.py:186} INFO - Started process (PID=239) to work on /opt/airflow/dags/spark_airflow.py
[2024-11-17T11:48:11.841+0000] {processor.py:914} INFO - Processing file /opt/airflow/dags/spark_airflow.py for tasks to queue
[2024-11-17T11:48:11.844+0000] {logging_mixin.py:190} INFO - [2024-11-17T11:48:11.844+0000] {dagbag.py:588} INFO - Filling up the DagBag from /opt/airflow/dags/spark_airflow.py
[2024-11-17T11:48:11.855+0000] {processor.py:925} INFO - DAG(s) 'sparkingFlow' retrieved from /opt/airflow/dags/spark_airflow.py
[2024-11-17T11:48:11.863+0000] {logging_mixin.py:190} INFO - [2024-11-17T11:48:11.863+0000] {dag.py:3239} INFO - Sync 1 DAGs
[2024-11-17T11:48:11.877+0000] {logging_mixin.py:190} INFO - [2024-11-17T11:48:11.877+0000] {dag.py:4180} INFO - Setting next_dagrun for sparkingFlow to None, run_after=None
[2024-11-17T11:48:11.885+0000] {processor.py:208} INFO - Processing /opt/airflow/dags/spark_airflow.py took 0.051 seconds
[2024-11-17T11:48:42.187+0000] {processor.py:186} INFO - Started process (PID=249) to work on /opt/airflow/dags/spark_airflow.py
[2024-11-17T11:48:42.188+0000] {processor.py:914} INFO - Processing file /opt/airflow/dags/spark_airflow.py for tasks to queue
[2024-11-17T11:48:42.191+0000] {logging_mixin.py:190} INFO - [2024-11-17T11:48:42.191+0000] {dagbag.py:588} INFO - Filling up the DagBag from /opt/airflow/dags/spark_airflow.py
[2024-11-17T11:48:42.200+0000] {processor.py:925} INFO - DAG(s) 'sparkingFlow' retrieved from /opt/airflow/dags/spark_airflow.py
[2024-11-17T11:48:42.255+0000] {logging_mixin.py:190} INFO - [2024-11-17T11:48:42.255+0000] {dag.py:3239} INFO - Sync 1 DAGs
[2024-11-17T11:48:42.262+0000] {logging_mixin.py:190} INFO - [2024-11-17T11:48:42.262+0000] {dag.py:4180} INFO - Setting next_dagrun for sparkingFlow to None, run_after=None
[2024-11-17T11:48:42.270+0000] {processor.py:208} INFO - Processing /opt/airflow/dags/spark_airflow.py took 0.091 seconds
[2024-11-17T11:49:12.511+0000] {processor.py:186} INFO - Started process (PID=259) to work on /opt/airflow/dags/spark_airflow.py
[2024-11-17T11:49:12.511+0000] {processor.py:914} INFO - Processing file /opt/airflow/dags/spark_airflow.py for tasks to queue
[2024-11-17T11:49:12.514+0000] {logging_mixin.py:190} INFO - [2024-11-17T11:49:12.513+0000] {dagbag.py:588} INFO - Filling up the DagBag from /opt/airflow/dags/spark_airflow.py
[2024-11-17T11:49:12.522+0000] {processor.py:925} INFO - DAG(s) 'sparkingFlow' retrieved from /opt/airflow/dags/spark_airflow.py
[2024-11-17T11:49:12.543+0000] {logging_mixin.py:190} INFO - [2024-11-17T11:49:12.543+0000] {dag.py:3239} INFO - Sync 1 DAGs
[2024-11-17T11:49:12.553+0000] {logging_mixin.py:190} INFO - [2024-11-17T11:49:12.553+0000] {dag.py:4180} INFO - Setting next_dagrun for sparkingFlow to None, run_after=None
[2024-11-17T11:49:12.559+0000] {processor.py:208} INFO - Processing /opt/airflow/dags/spark_airflow.py took 0.054 seconds
[2024-11-17T11:49:42.901+0000] {processor.py:186} INFO - Started process (PID=269) to work on /opt/airflow/dags/spark_airflow.py
[2024-11-17T11:49:42.902+0000] {processor.py:914} INFO - Processing file /opt/airflow/dags/spark_airflow.py for tasks to queue
[2024-11-17T11:49:42.905+0000] {logging_mixin.py:190} INFO - [2024-11-17T11:49:42.905+0000] {dagbag.py:588} INFO - Filling up the DagBag from /opt/airflow/dags/spark_airflow.py
[2024-11-17T11:49:42.914+0000] {processor.py:925} INFO - DAG(s) 'sparkingFlow' retrieved from /opt/airflow/dags/spark_airflow.py
[2024-11-17T11:49:42.925+0000] {logging_mixin.py:190} INFO - [2024-11-17T11:49:42.925+0000] {dag.py:3239} INFO - Sync 1 DAGs
[2024-11-17T11:49:42.937+0000] {logging_mixin.py:190} INFO - [2024-11-17T11:49:42.937+0000] {dag.py:4180} INFO - Setting next_dagrun for sparkingFlow to None, run_after=None
[2024-11-17T11:49:42.944+0000] {processor.py:208} INFO - Processing /opt/airflow/dags/spark_airflow.py took 0.049 seconds
[2024-11-17T11:50:22.535+0000] {logging_mixin.py:190} INFO - [2024-11-17T11:50:22.535+0000] {settings.py:475} DEBUG - Setting up DB connection pool (PID 179)
[2024-11-17T11:50:22.536+0000] {logging_mixin.py:190} INFO - [2024-11-17T11:50:22.536+0000] {settings.py:579} DEBUG - settings.prepare_engine_args(): Using pool settings. pool_size=5, max_overflow=10, pool_recycle=1800, pid=179
[2024-11-17T11:50:22.539+0000] {processor.py:186} INFO - Started process (PID=179) to work on /opt/airflow/dags/spark_airflow.py
[2024-11-17T11:50:22.540+0000] {processor.py:914} INFO - Processing file /opt/airflow/dags/spark_airflow.py for tasks to queue
[2024-11-17T11:50:22.540+0000] {logging_mixin.py:190} INFO - [2024-11-17T11:50:22.540+0000] {dagbag.py:588} INFO - Filling up the DagBag from /opt/airflow/dags/spark_airflow.py
[2024-11-17T11:50:22.541+0000] {logging_mixin.py:190} INFO - [2024-11-17T11:50:22.541+0000] {dagbag.py:369} DEBUG - Importing /opt/airflow/dags/spark_airflow.py
[2024-11-17T11:50:22.548+0000] {logging_mixin.py:190} INFO - [2024-11-17T11:50:22.547+0000] {dagbag.py:554} DEBUG - Loaded DAG <DAG: sparkingFlow>
[2024-11-17T11:50:22.548+0000] {processor.py:925} INFO - DAG(s) 'sparkingFlow' retrieved from /opt/airflow/dags/spark_airflow.py
[2024-11-17T11:50:22.549+0000] {logging_mixin.py:190} INFO - [2024-11-17T11:50:22.549+0000] {dagbag.py:711} DEBUG - Running dagbag.sync_to_db with retries. Try 1 of 3
[2024-11-17T11:50:22.551+0000] {logging_mixin.py:190} INFO - [2024-11-17T11:50:22.551+0000] {dagbag.py:716} DEBUG - Calling the DAG.bulk_sync_to_db method
[2024-11-17T11:50:22.559+0000] {logging_mixin.py:190} INFO - [2024-11-17T11:50:22.559+0000] {serialized_dag.py:168} DEBUG - Checking if DAG (sparkingFlow) changed
[2024-11-17T11:50:22.573+0000] {logging_mixin.py:190} INFO - [2024-11-17T11:50:22.573+0000] {serialized_dag.py:182} DEBUG - Writing Serialized DAG: sparkingFlow to the DB
[2024-11-17T11:50:22.575+0000] {logging_mixin.py:190} INFO - [2024-11-17T11:50:22.575+0000] {serialized_dag.py:184} DEBUG - DAG: sparkingFlow written to the DB
[2024-11-17T11:50:22.575+0000] {logging_mixin.py:190} INFO - [2024-11-17T11:50:22.575+0000] {dagbag.py:745} DEBUG - Syncing DAG permissions: sparkingFlow to the DB
[2024-11-17T11:50:22.612+0000] {logging_mixin.py:190} INFO - [2024-11-17T11:50:22.612+0000] {override.py:1134} DEBUG - Not syncing DAG-level permissions for DAG 'sparkingFlow' as access control is unset.
[2024-11-17T11:50:22.613+0000] {logging_mixin.py:190} INFO - [2024-11-17T11:50:22.613+0000] {dag.py:3239} INFO - Sync 1 DAGs
[2024-11-17T11:50:22.621+0000] {logging_mixin.py:190} INFO - [2024-11-17T11:50:22.621+0000] {dag.py:4180} INFO - Setting next_dagrun for sparkingFlow to None, run_after=None
[2024-11-17T11:50:22.628+0000] {processor.py:208} INFO - Processing /opt/airflow/dags/spark_airflow.py took 0.094 seconds
[2024-11-17T11:50:52.940+0000] {logging_mixin.py:190} INFO - [2024-11-17T11:50:52.939+0000] {settings.py:475} DEBUG - Setting up DB connection pool (PID 189)
[2024-11-17T11:50:52.942+0000] {logging_mixin.py:190} INFO - [2024-11-17T11:50:52.942+0000] {settings.py:579} DEBUG - settings.prepare_engine_args(): Using pool settings. pool_size=5, max_overflow=10, pool_recycle=1800, pid=189
[2024-11-17T11:50:52.948+0000] {processor.py:186} INFO - Started process (PID=189) to work on /opt/airflow/dags/spark_airflow.py
[2024-11-17T11:50:52.949+0000] {processor.py:914} INFO - Processing file /opt/airflow/dags/spark_airflow.py for tasks to queue
[2024-11-17T11:50:52.949+0000] {logging_mixin.py:190} INFO - [2024-11-17T11:50:52.949+0000] {dagbag.py:588} INFO - Filling up the DagBag from /opt/airflow/dags/spark_airflow.py
[2024-11-17T11:50:52.951+0000] {logging_mixin.py:190} INFO - [2024-11-17T11:50:52.951+0000] {dagbag.py:369} DEBUG - Importing /opt/airflow/dags/spark_airflow.py
[2024-11-17T11:50:52.961+0000] {logging_mixin.py:190} INFO - [2024-11-17T11:50:52.961+0000] {dagbag.py:554} DEBUG - Loaded DAG <DAG: sparkingFlow>
[2024-11-17T11:50:52.961+0000] {processor.py:925} INFO - DAG(s) 'sparkingFlow' retrieved from /opt/airflow/dags/spark_airflow.py
[2024-11-17T11:50:52.961+0000] {logging_mixin.py:190} INFO - [2024-11-17T11:50:52.961+0000] {dagbag.py:711} DEBUG - Running dagbag.sync_to_db with retries. Try 1 of 3
[2024-11-17T11:50:52.962+0000] {logging_mixin.py:190} INFO - [2024-11-17T11:50:52.962+0000] {dagbag.py:716} DEBUG - Calling the DAG.bulk_sync_to_db method
[2024-11-17T11:50:52.970+0000] {logging_mixin.py:190} INFO - [2024-11-17T11:50:52.970+0000] {serialized_dag.py:168} DEBUG - Checking if DAG (sparkingFlow) changed
[2024-11-17T11:50:52.986+0000] {logging_mixin.py:190} INFO - [2024-11-17T11:50:52.986+0000] {serialized_dag.py:179} DEBUG - Serialized DAG (sparkingFlow) is unchanged. Skipping writing to DB
[2024-11-17T11:50:52.986+0000] {logging_mixin.py:190} INFO - [2024-11-17T11:50:52.986+0000] {dag.py:3239} INFO - Sync 1 DAGs
[2024-11-17T11:50:52.997+0000] {logging_mixin.py:190} INFO - [2024-11-17T11:50:52.997+0000] {dag.py:4180} INFO - Setting next_dagrun for sparkingFlow to None, run_after=None
[2024-11-17T11:50:53.005+0000] {processor.py:208} INFO - Processing /opt/airflow/dags/spark_airflow.py took 0.066 seconds
[2024-11-17T11:51:23.435+0000] {logging_mixin.py:190} INFO - [2024-11-17T11:51:23.434+0000] {settings.py:475} DEBUG - Setting up DB connection pool (PID 199)
[2024-11-17T11:51:23.437+0000] {logging_mixin.py:190} INFO - [2024-11-17T11:51:23.436+0000] {settings.py:579} DEBUG - settings.prepare_engine_args(): Using pool settings. pool_size=5, max_overflow=10, pool_recycle=1800, pid=199
[2024-11-17T11:51:23.446+0000] {processor.py:186} INFO - Started process (PID=199) to work on /opt/airflow/dags/spark_airflow.py
[2024-11-17T11:51:23.447+0000] {processor.py:914} INFO - Processing file /opt/airflow/dags/spark_airflow.py for tasks to queue
[2024-11-17T11:51:23.448+0000] {logging_mixin.py:190} INFO - [2024-11-17T11:51:23.448+0000] {dagbag.py:588} INFO - Filling up the DagBag from /opt/airflow/dags/spark_airflow.py
[2024-11-17T11:51:23.450+0000] {logging_mixin.py:190} INFO - [2024-11-17T11:51:23.449+0000] {dagbag.py:369} DEBUG - Importing /opt/airflow/dags/spark_airflow.py
[2024-11-17T11:51:23.458+0000] {logging_mixin.py:190} INFO - [2024-11-17T11:51:23.457+0000] {dagbag.py:554} DEBUG - Loaded DAG <DAG: sparkingFlow>
[2024-11-17T11:51:23.458+0000] {processor.py:925} INFO - DAG(s) 'sparkingFlow' retrieved from /opt/airflow/dags/spark_airflow.py
[2024-11-17T11:51:23.458+0000] {logging_mixin.py:190} INFO - [2024-11-17T11:51:23.458+0000] {dagbag.py:711} DEBUG - Running dagbag.sync_to_db with retries. Try 1 of 3
[2024-11-17T11:51:23.458+0000] {logging_mixin.py:190} INFO - [2024-11-17T11:51:23.458+0000] {dagbag.py:716} DEBUG - Calling the DAG.bulk_sync_to_db method
[2024-11-17T11:51:23.467+0000] {logging_mixin.py:190} INFO - [2024-11-17T11:51:23.467+0000] {serialized_dag.py:168} DEBUG - Checking if DAG (sparkingFlow) changed
[2024-11-17T11:51:23.482+0000] {logging_mixin.py:190} INFO - [2024-11-17T11:51:23.482+0000] {serialized_dag.py:182} DEBUG - Writing Serialized DAG: sparkingFlow to the DB
[2024-11-17T11:51:23.484+0000] {logging_mixin.py:190} INFO - [2024-11-17T11:51:23.484+0000] {serialized_dag.py:184} DEBUG - DAG: sparkingFlow written to the DB
[2024-11-17T11:51:23.484+0000] {logging_mixin.py:190} INFO - [2024-11-17T11:51:23.484+0000] {dagbag.py:745} DEBUG - Syncing DAG permissions: sparkingFlow to the DB
[2024-11-17T11:51:23.518+0000] {logging_mixin.py:190} INFO - [2024-11-17T11:51:23.518+0000] {override.py:1134} DEBUG - Not syncing DAG-level permissions for DAG 'sparkingFlow' as access control is unset.
[2024-11-17T11:51:23.518+0000] {logging_mixin.py:190} INFO - [2024-11-17T11:51:23.518+0000] {dag.py:3239} INFO - Sync 1 DAGs
[2024-11-17T11:51:23.525+0000] {logging_mixin.py:190} INFO - [2024-11-17T11:51:23.525+0000] {dag.py:4180} INFO - Setting next_dagrun for sparkingFlow to None, run_after=None
[2024-11-17T11:51:23.531+0000] {processor.py:208} INFO - Processing /opt/airflow/dags/spark_airflow.py took 0.098 seconds
[2024-11-17T11:51:53.952+0000] {logging_mixin.py:190} INFO - [2024-11-17T11:51:53.951+0000] {settings.py:475} DEBUG - Setting up DB connection pool (PID 209)
[2024-11-17T11:51:53.954+0000] {logging_mixin.py:190} INFO - [2024-11-17T11:51:53.954+0000] {settings.py:579} DEBUG - settings.prepare_engine_args(): Using pool settings. pool_size=5, max_overflow=10, pool_recycle=1800, pid=209
[2024-11-17T11:51:53.960+0000] {processor.py:186} INFO - Started process (PID=209) to work on /opt/airflow/dags/spark_airflow.py
[2024-11-17T11:51:53.961+0000] {processor.py:914} INFO - Processing file /opt/airflow/dags/spark_airflow.py for tasks to queue
[2024-11-17T11:51:53.962+0000] {logging_mixin.py:190} INFO - [2024-11-17T11:51:53.962+0000] {dagbag.py:588} INFO - Filling up the DagBag from /opt/airflow/dags/spark_airflow.py
[2024-11-17T11:51:53.964+0000] {logging_mixin.py:190} INFO - [2024-11-17T11:51:53.964+0000] {dagbag.py:369} DEBUG - Importing /opt/airflow/dags/spark_airflow.py
[2024-11-17T11:51:53.974+0000] {logging_mixin.py:190} INFO - [2024-11-17T11:51:53.974+0000] {dagbag.py:554} DEBUG - Loaded DAG <DAG: sparkingFlow>
[2024-11-17T11:51:53.978+0000] {processor.py:925} INFO - DAG(s) 'sparkingFlow' retrieved from /opt/airflow/dags/spark_airflow.py
[2024-11-17T11:51:53.978+0000] {logging_mixin.py:190} INFO - [2024-11-17T11:51:53.978+0000] {dagbag.py:711} DEBUG - Running dagbag.sync_to_db with retries. Try 1 of 3
[2024-11-17T11:51:53.978+0000] {logging_mixin.py:190} INFO - [2024-11-17T11:51:53.978+0000] {dagbag.py:716} DEBUG - Calling the DAG.bulk_sync_to_db method
[2024-11-17T11:51:53.988+0000] {logging_mixin.py:190} INFO - [2024-11-17T11:51:53.988+0000] {serialized_dag.py:168} DEBUG - Checking if DAG (sparkingFlow) changed
[2024-11-17T11:51:54.000+0000] {logging_mixin.py:190} INFO - [2024-11-17T11:51:54.000+0000] {serialized_dag.py:179} DEBUG - Serialized DAG (sparkingFlow) is unchanged. Skipping writing to DB
[2024-11-17T11:51:54.003+0000] {logging_mixin.py:190} INFO - [2024-11-17T11:51:54.003+0000] {dag.py:3239} INFO - Sync 1 DAGs
[2024-11-17T11:51:54.013+0000] {logging_mixin.py:190} INFO - [2024-11-17T11:51:54.013+0000] {dag.py:4180} INFO - Setting next_dagrun for sparkingFlow to None, run_after=None
[2024-11-17T11:51:54.022+0000] {processor.py:208} INFO - Processing /opt/airflow/dags/spark_airflow.py took 0.071 seconds
[2024-11-17T11:52:24.462+0000] {logging_mixin.py:190} INFO - [2024-11-17T11:52:24.461+0000] {settings.py:475} DEBUG - Setting up DB connection pool (PID 219)
[2024-11-17T11:52:24.464+0000] {logging_mixin.py:190} INFO - [2024-11-17T11:52:24.463+0000] {settings.py:579} DEBUG - settings.prepare_engine_args(): Using pool settings. pool_size=5, max_overflow=10, pool_recycle=1800, pid=219
[2024-11-17T11:52:24.472+0000] {processor.py:186} INFO - Started process (PID=219) to work on /opt/airflow/dags/spark_airflow.py
[2024-11-17T11:52:24.473+0000] {processor.py:914} INFO - Processing file /opt/airflow/dags/spark_airflow.py for tasks to queue
[2024-11-17T11:52:24.475+0000] {logging_mixin.py:190} INFO - [2024-11-17T11:52:24.475+0000] {dagbag.py:588} INFO - Filling up the DagBag from /opt/airflow/dags/spark_airflow.py
[2024-11-17T11:52:24.478+0000] {logging_mixin.py:190} INFO - [2024-11-17T11:52:24.478+0000] {dagbag.py:369} DEBUG - Importing /opt/airflow/dags/spark_airflow.py
[2024-11-17T11:52:24.494+0000] {logging_mixin.py:190} INFO - [2024-11-17T11:52:24.493+0000] {dagbag.py:554} DEBUG - Loaded DAG <DAG: sparkingFlow>
[2024-11-17T11:52:24.494+0000] {processor.py:925} INFO - DAG(s) 'sparkingFlow' retrieved from /opt/airflow/dags/spark_airflow.py
[2024-11-17T11:52:24.494+0000] {logging_mixin.py:190} INFO - [2024-11-17T11:52:24.494+0000] {dagbag.py:711} DEBUG - Running dagbag.sync_to_db with retries. Try 1 of 3
[2024-11-17T11:52:24.497+0000] {logging_mixin.py:190} INFO - [2024-11-17T11:52:24.497+0000] {dagbag.py:716} DEBUG - Calling the DAG.bulk_sync_to_db method
[2024-11-17T11:52:24.506+0000] {logging_mixin.py:190} INFO - [2024-11-17T11:52:24.506+0000] {serialized_dag.py:168} DEBUG - Checking if DAG (sparkingFlow) changed
[2024-11-17T11:52:24.515+0000] {logging_mixin.py:190} INFO - [2024-11-17T11:52:24.515+0000] {serialized_dag.py:182} DEBUG - Writing Serialized DAG: sparkingFlow to the DB
[2024-11-17T11:52:24.517+0000] {logging_mixin.py:190} INFO - [2024-11-17T11:52:24.517+0000] {serialized_dag.py:184} DEBUG - DAG: sparkingFlow written to the DB
[2024-11-17T11:52:24.517+0000] {logging_mixin.py:190} INFO - [2024-11-17T11:52:24.517+0000] {dagbag.py:745} DEBUG - Syncing DAG permissions: sparkingFlow to the DB
[2024-11-17T11:52:24.550+0000] {logging_mixin.py:190} INFO - [2024-11-17T11:52:24.550+0000] {override.py:1134} DEBUG - Not syncing DAG-level permissions for DAG 'sparkingFlow' as access control is unset.
[2024-11-17T11:52:24.550+0000] {logging_mixin.py:190} INFO - [2024-11-17T11:52:24.550+0000] {dag.py:3239} INFO - Sync 1 DAGs
[2024-11-17T11:52:24.558+0000] {logging_mixin.py:190} INFO - [2024-11-17T11:52:24.558+0000] {dag.py:4180} INFO - Setting next_dagrun for sparkingFlow to None, run_after=None
[2024-11-17T11:52:24.564+0000] {processor.py:208} INFO - Processing /opt/airflow/dags/spark_airflow.py took 0.103 seconds
[2024-11-17T11:52:54.948+0000] {logging_mixin.py:190} INFO - [2024-11-17T11:52:54.947+0000] {settings.py:475} DEBUG - Setting up DB connection pool (PID 229)
[2024-11-17T11:52:54.949+0000] {logging_mixin.py:190} INFO - [2024-11-17T11:52:54.949+0000] {settings.py:579} DEBUG - settings.prepare_engine_args(): Using pool settings. pool_size=5, max_overflow=10, pool_recycle=1800, pid=229
[2024-11-17T11:52:54.955+0000] {processor.py:186} INFO - Started process (PID=229) to work on /opt/airflow/dags/spark_airflow.py
[2024-11-17T11:52:54.957+0000] {processor.py:914} INFO - Processing file /opt/airflow/dags/spark_airflow.py for tasks to queue
[2024-11-17T11:52:54.957+0000] {logging_mixin.py:190} INFO - [2024-11-17T11:52:54.957+0000] {dagbag.py:588} INFO - Filling up the DagBag from /opt/airflow/dags/spark_airflow.py
[2024-11-17T11:52:54.958+0000] {logging_mixin.py:190} INFO - [2024-11-17T11:52:54.958+0000] {dagbag.py:369} DEBUG - Importing /opt/airflow/dags/spark_airflow.py
[2024-11-17T11:52:54.973+0000] {logging_mixin.py:190} INFO - [2024-11-17T11:52:54.973+0000] {dagbag.py:554} DEBUG - Loaded DAG <DAG: sparkingFlow>
[2024-11-17T11:52:54.974+0000] {processor.py:925} INFO - DAG(s) 'sparkingFlow' retrieved from /opt/airflow/dags/spark_airflow.py
[2024-11-17T11:52:54.975+0000] {logging_mixin.py:190} INFO - [2024-11-17T11:52:54.974+0000] {dagbag.py:711} DEBUG - Running dagbag.sync_to_db with retries. Try 1 of 3
[2024-11-17T11:52:54.976+0000] {logging_mixin.py:190} INFO - [2024-11-17T11:52:54.976+0000] {dagbag.py:716} DEBUG - Calling the DAG.bulk_sync_to_db method
[2024-11-17T11:52:54.984+0000] {logging_mixin.py:190} INFO - [2024-11-17T11:52:54.984+0000] {serialized_dag.py:168} DEBUG - Checking if DAG (sparkingFlow) changed
[2024-11-17T11:52:54.994+0000] {logging_mixin.py:190} INFO - [2024-11-17T11:52:54.994+0000] {serialized_dag.py:179} DEBUG - Serialized DAG (sparkingFlow) is unchanged. Skipping writing to DB
[2024-11-17T11:52:54.995+0000] {logging_mixin.py:190} INFO - [2024-11-17T11:52:54.995+0000] {dag.py:3239} INFO - Sync 1 DAGs
[2024-11-17T11:52:55.005+0000] {logging_mixin.py:190} INFO - [2024-11-17T11:52:55.005+0000] {dag.py:4180} INFO - Setting next_dagrun for sparkingFlow to None, run_after=None
[2024-11-17T11:52:55.012+0000] {processor.py:208} INFO - Processing /opt/airflow/dags/spark_airflow.py took 0.065 seconds
[2024-11-17T11:53:25.376+0000] {logging_mixin.py:190} INFO - [2024-11-17T11:53:25.376+0000] {settings.py:475} DEBUG - Setting up DB connection pool (PID 239)
[2024-11-17T11:53:25.377+0000] {logging_mixin.py:190} INFO - [2024-11-17T11:53:25.377+0000] {settings.py:579} DEBUG - settings.prepare_engine_args(): Using pool settings. pool_size=5, max_overflow=10, pool_recycle=1800, pid=239
[2024-11-17T11:53:25.384+0000] {processor.py:186} INFO - Started process (PID=239) to work on /opt/airflow/dags/spark_airflow.py
[2024-11-17T11:53:25.385+0000] {processor.py:914} INFO - Processing file /opt/airflow/dags/spark_airflow.py for tasks to queue
[2024-11-17T11:53:25.385+0000] {logging_mixin.py:190} INFO - [2024-11-17T11:53:25.385+0000] {dagbag.py:588} INFO - Filling up the DagBag from /opt/airflow/dags/spark_airflow.py
[2024-11-17T11:53:25.388+0000] {logging_mixin.py:190} INFO - [2024-11-17T11:53:25.388+0000] {dagbag.py:369} DEBUG - Importing /opt/airflow/dags/spark_airflow.py
[2024-11-17T11:53:25.411+0000] {logging_mixin.py:190} INFO - [2024-11-17T11:53:25.411+0000] {dagbag.py:554} DEBUG - Loaded DAG <DAG: sparkingFlow>
[2024-11-17T11:53:25.412+0000] {processor.py:925} INFO - DAG(s) 'sparkingFlow' retrieved from /opt/airflow/dags/spark_airflow.py
[2024-11-17T11:53:25.412+0000] {logging_mixin.py:190} INFO - [2024-11-17T11:53:25.412+0000] {dagbag.py:711} DEBUG - Running dagbag.sync_to_db with retries. Try 1 of 3
[2024-11-17T11:53:25.412+0000] {logging_mixin.py:190} INFO - [2024-11-17T11:53:25.412+0000] {dagbag.py:716} DEBUG - Calling the DAG.bulk_sync_to_db method
[2024-11-17T11:53:25.421+0000] {logging_mixin.py:190} INFO - [2024-11-17T11:53:25.421+0000] {serialized_dag.py:168} DEBUG - Checking if DAG (sparkingFlow) changed
[2024-11-17T11:53:25.430+0000] {logging_mixin.py:190} INFO - [2024-11-17T11:53:25.430+0000] {serialized_dag.py:182} DEBUG - Writing Serialized DAG: sparkingFlow to the DB
[2024-11-17T11:53:25.432+0000] {logging_mixin.py:190} INFO - [2024-11-17T11:53:25.432+0000] {serialized_dag.py:184} DEBUG - DAG: sparkingFlow written to the DB
[2024-11-17T11:53:25.432+0000] {logging_mixin.py:190} INFO - [2024-11-17T11:53:25.432+0000] {dagbag.py:745} DEBUG - Syncing DAG permissions: sparkingFlow to the DB
[2024-11-17T11:53:25.472+0000] {logging_mixin.py:190} INFO - [2024-11-17T11:53:25.472+0000] {override.py:1134} DEBUG - Not syncing DAG-level permissions for DAG 'sparkingFlow' as access control is unset.
[2024-11-17T11:53:25.472+0000] {logging_mixin.py:190} INFO - [2024-11-17T11:53:25.472+0000] {dag.py:3239} INFO - Sync 1 DAGs
[2024-11-17T11:53:25.479+0000] {logging_mixin.py:190} INFO - [2024-11-17T11:53:25.479+0000] {dag.py:4180} INFO - Setting next_dagrun for sparkingFlow to None, run_after=None
[2024-11-17T11:53:25.485+0000] {processor.py:208} INFO - Processing /opt/airflow/dags/spark_airflow.py took 0.110 seconds
[2024-11-17T11:53:55.849+0000] {logging_mixin.py:190} INFO - [2024-11-17T11:53:55.849+0000] {settings.py:475} DEBUG - Setting up DB connection pool (PID 249)
[2024-11-17T11:53:55.850+0000] {logging_mixin.py:190} INFO - [2024-11-17T11:53:55.850+0000] {settings.py:579} DEBUG - settings.prepare_engine_args(): Using pool settings. pool_size=5, max_overflow=10, pool_recycle=1800, pid=249
[2024-11-17T11:53:55.856+0000] {processor.py:186} INFO - Started process (PID=249) to work on /opt/airflow/dags/spark_airflow.py
[2024-11-17T11:53:55.856+0000] {processor.py:914} INFO - Processing file /opt/airflow/dags/spark_airflow.py for tasks to queue
[2024-11-17T11:53:55.857+0000] {logging_mixin.py:190} INFO - [2024-11-17T11:53:55.857+0000] {dagbag.py:588} INFO - Filling up the DagBag from /opt/airflow/dags/spark_airflow.py
[2024-11-17T11:53:55.858+0000] {logging_mixin.py:190} INFO - [2024-11-17T11:53:55.858+0000] {dagbag.py:369} DEBUG - Importing /opt/airflow/dags/spark_airflow.py
[2024-11-17T11:53:55.865+0000] {logging_mixin.py:190} INFO - [2024-11-17T11:53:55.865+0000] {dagbag.py:554} DEBUG - Loaded DAG <DAG: sparkingFlow>
[2024-11-17T11:53:55.866+0000] {processor.py:925} INFO - DAG(s) 'sparkingFlow' retrieved from /opt/airflow/dags/spark_airflow.py
[2024-11-17T11:53:55.866+0000] {logging_mixin.py:190} INFO - [2024-11-17T11:53:55.866+0000] {dagbag.py:711} DEBUG - Running dagbag.sync_to_db with retries. Try 1 of 3
[2024-11-17T11:53:55.867+0000] {logging_mixin.py:190} INFO - [2024-11-17T11:53:55.867+0000] {dagbag.py:716} DEBUG - Calling the DAG.bulk_sync_to_db method
[2024-11-17T11:53:55.875+0000] {logging_mixin.py:190} INFO - [2024-11-17T11:53:55.875+0000] {serialized_dag.py:168} DEBUG - Checking if DAG (sparkingFlow) changed
[2024-11-17T11:53:55.883+0000] {logging_mixin.py:190} INFO - [2024-11-17T11:53:55.883+0000] {serialized_dag.py:179} DEBUG - Serialized DAG (sparkingFlow) is unchanged. Skipping writing to DB
[2024-11-17T11:53:55.883+0000] {logging_mixin.py:190} INFO - [2024-11-17T11:53:55.883+0000] {dag.py:3239} INFO - Sync 1 DAGs
[2024-11-17T11:53:55.894+0000] {logging_mixin.py:190} INFO - [2024-11-17T11:53:55.894+0000] {dag.py:4180} INFO - Setting next_dagrun for sparkingFlow to None, run_after=None
[2024-11-17T11:53:55.901+0000] {processor.py:208} INFO - Processing /opt/airflow/dags/spark_airflow.py took 0.052 seconds
[2024-11-17T11:54:26.342+0000] {logging_mixin.py:190} INFO - [2024-11-17T11:54:26.341+0000] {settings.py:475} DEBUG - Setting up DB connection pool (PID 259)
[2024-11-17T11:54:26.342+0000] {logging_mixin.py:190} INFO - [2024-11-17T11:54:26.342+0000] {settings.py:579} DEBUG - settings.prepare_engine_args(): Using pool settings. pool_size=5, max_overflow=10, pool_recycle=1800, pid=259
[2024-11-17T11:54:26.349+0000] {processor.py:186} INFO - Started process (PID=259) to work on /opt/airflow/dags/spark_airflow.py
[2024-11-17T11:54:26.349+0000] {processor.py:914} INFO - Processing file /opt/airflow/dags/spark_airflow.py for tasks to queue
[2024-11-17T11:54:26.350+0000] {logging_mixin.py:190} INFO - [2024-11-17T11:54:26.350+0000] {dagbag.py:588} INFO - Filling up the DagBag from /opt/airflow/dags/spark_airflow.py
[2024-11-17T11:54:26.351+0000] {logging_mixin.py:190} INFO - [2024-11-17T11:54:26.351+0000] {dagbag.py:369} DEBUG - Importing /opt/airflow/dags/spark_airflow.py
[2024-11-17T11:54:26.358+0000] {logging_mixin.py:190} INFO - [2024-11-17T11:54:26.358+0000] {dagbag.py:554} DEBUG - Loaded DAG <DAG: sparkingFlow>
[2024-11-17T11:54:26.358+0000] {processor.py:925} INFO - DAG(s) 'sparkingFlow' retrieved from /opt/airflow/dags/spark_airflow.py
[2024-11-17T11:54:26.359+0000] {logging_mixin.py:190} INFO - [2024-11-17T11:54:26.359+0000] {dagbag.py:711} DEBUG - Running dagbag.sync_to_db with retries. Try 1 of 3
[2024-11-17T11:54:26.359+0000] {logging_mixin.py:190} INFO - [2024-11-17T11:54:26.359+0000] {dagbag.py:716} DEBUG - Calling the DAG.bulk_sync_to_db method
[2024-11-17T11:54:26.367+0000] {logging_mixin.py:190} INFO - [2024-11-17T11:54:26.367+0000] {serialized_dag.py:168} DEBUG - Checking if DAG (sparkingFlow) changed
[2024-11-17T11:54:26.374+0000] {logging_mixin.py:190} INFO - [2024-11-17T11:54:26.374+0000] {serialized_dag.py:182} DEBUG - Writing Serialized DAG: sparkingFlow to the DB
[2024-11-17T11:54:26.376+0000] {logging_mixin.py:190} INFO - [2024-11-17T11:54:26.376+0000] {serialized_dag.py:184} DEBUG - DAG: sparkingFlow written to the DB
[2024-11-17T11:54:26.376+0000] {logging_mixin.py:190} INFO - [2024-11-17T11:54:26.376+0000] {dagbag.py:745} DEBUG - Syncing DAG permissions: sparkingFlow to the DB
[2024-11-17T11:54:26.411+0000] {logging_mixin.py:190} INFO - [2024-11-17T11:54:26.411+0000] {override.py:1134} DEBUG - Not syncing DAG-level permissions for DAG 'sparkingFlow' as access control is unset.
[2024-11-17T11:54:26.411+0000] {logging_mixin.py:190} INFO - [2024-11-17T11:54:26.411+0000] {dag.py:3239} INFO - Sync 1 DAGs
[2024-11-17T11:54:26.419+0000] {logging_mixin.py:190} INFO - [2024-11-17T11:54:26.419+0000] {dag.py:4180} INFO - Setting next_dagrun for sparkingFlow to None, run_after=None
[2024-11-17T11:54:26.425+0000] {processor.py:208} INFO - Processing /opt/airflow/dags/spark_airflow.py took 0.084 seconds
[2024-11-17T11:54:56.809+0000] {logging_mixin.py:190} INFO - [2024-11-17T11:54:56.809+0000] {settings.py:475} DEBUG - Setting up DB connection pool (PID 269)
[2024-11-17T11:54:56.810+0000] {logging_mixin.py:190} INFO - [2024-11-17T11:54:56.810+0000] {settings.py:579} DEBUG - settings.prepare_engine_args(): Using pool settings. pool_size=5, max_overflow=10, pool_recycle=1800, pid=269
[2024-11-17T11:54:56.815+0000] {processor.py:186} INFO - Started process (PID=269) to work on /opt/airflow/dags/spark_airflow.py
[2024-11-17T11:54:56.816+0000] {processor.py:914} INFO - Processing file /opt/airflow/dags/spark_airflow.py for tasks to queue
[2024-11-17T11:54:56.817+0000] {logging_mixin.py:190} INFO - [2024-11-17T11:54:56.817+0000] {dagbag.py:588} INFO - Filling up the DagBag from /opt/airflow/dags/spark_airflow.py
[2024-11-17T11:54:56.819+0000] {logging_mixin.py:190} INFO - [2024-11-17T11:54:56.819+0000] {dagbag.py:369} DEBUG - Importing /opt/airflow/dags/spark_airflow.py
[2024-11-17T11:54:56.827+0000] {logging_mixin.py:190} INFO - [2024-11-17T11:54:56.827+0000] {dagbag.py:554} DEBUG - Loaded DAG <DAG: sparkingFlow>
[2024-11-17T11:54:56.827+0000] {processor.py:925} INFO - DAG(s) 'sparkingFlow' retrieved from /opt/airflow/dags/spark_airflow.py
[2024-11-17T11:54:56.827+0000] {logging_mixin.py:190} INFO - [2024-11-17T11:54:56.827+0000] {dagbag.py:711} DEBUG - Running dagbag.sync_to_db with retries. Try 1 of 3
[2024-11-17T11:54:56.827+0000] {logging_mixin.py:190} INFO - [2024-11-17T11:54:56.827+0000] {dagbag.py:716} DEBUG - Calling the DAG.bulk_sync_to_db method
[2024-11-17T11:54:56.836+0000] {logging_mixin.py:190} INFO - [2024-11-17T11:54:56.836+0000] {serialized_dag.py:168} DEBUG - Checking if DAG (sparkingFlow) changed
[2024-11-17T11:54:56.843+0000] {logging_mixin.py:190} INFO - [2024-11-17T11:54:56.843+0000] {serialized_dag.py:179} DEBUG - Serialized DAG (sparkingFlow) is unchanged. Skipping writing to DB
[2024-11-17T11:54:56.844+0000] {logging_mixin.py:190} INFO - [2024-11-17T11:54:56.844+0000] {dag.py:3239} INFO - Sync 1 DAGs
[2024-11-17T11:54:56.854+0000] {logging_mixin.py:190} INFO - [2024-11-17T11:54:56.854+0000] {dag.py:4180} INFO - Setting next_dagrun for sparkingFlow to None, run_after=None
[2024-11-17T11:54:56.860+0000] {processor.py:208} INFO - Processing /opt/airflow/dags/spark_airflow.py took 0.052 seconds
